<?xml version="1.0" encoding="UTF-8"?>
<robot generator="Robot 7.2.2 (Python 3.13.5 on linux)" generated="2025-09-05T12:09:14.013431" rpa="false" schemaversion="5">
<suite id="s1" name="Editarconfig" source="/home/qwcontrol/QWsoftware/qwcontrol_auto/Tests/editarconfig.robot">
<test id="s1-t1" name="CT-EC01" line="8">
<kw name="Abrir Navegador" owner="keywords" type="SETUP">
<kw name="Open Browser" owner="SeleniumLibrary">
<msg time="2025-09-05T12:09:14.229744" level="INFO">Opening browser 'headlesschrome' to base url 'http://192.168.220.106:4440/'.</msg>
<arg>${url}</arg>
<arg>headlesschrome</arg>
<doc>Opens a new browser instance to the optional ``url``.</doc>
<status status="PASS" start="2025-09-05T12:09:14.229404" elapsed="0.928844"/>
</kw>
<kw name="Maximize Browser Window" owner="SeleniumLibrary">
<doc>Maximizes current browser window.</doc>
<status status="PASS" start="2025-09-05T12:09:15.158532" elapsed="0.026464"/>
</kw>
<arg>${URL.QW50}</arg>
<status status="PASS" start="2025-09-05T12:09:14.227847" elapsed="0.957436"/>
</kw>
<kw name="Dado que estou logado na aplicação" owner="keywords">
<kw name="Dado que estou na aplicação" owner="keywords">
<kw name="Run Keyword And Return Status" owner="BuiltIn">
<kw name="Element Should Be Visible" owner="SeleniumLibrary">
<msg time="2025-09-05T12:09:15.248225" level="INFO">Element 'xpath=//p[contains(.,'Faça login e comece a usar!')]' is displayed.</msg>
<arg>xpath=//p[contains(.,'Faça login e comece a usar!')]</arg>
<doc>Verifies that the element identified by ``locator`` is visible.</doc>
<status status="PASS" start="2025-09-05T12:09:15.189675" elapsed="0.058708"/>
</kw>
<msg time="2025-09-05T12:09:15.248593" level="INFO">${elemento_visivel} = True</msg>
<var>${elemento_visivel}</var>
<arg>Element Should Be Visible</arg>
<arg>xpath=//p[contains(.,'Faça login e comece a usar!')]</arg>
<doc>Runs the given keyword with given arguments and returns the status as a Boolean value.</doc>
<status status="PASS" start="2025-09-05T12:09:15.188565" elapsed="0.060074"/>
</kw>
<if>
<branch type="IF" condition="'${elemento_visivel}' == 'False'">
<kw name="Click Element" owner="SeleniumLibrary">
<arg>xpath=//a[@class='dropdown-toggle'][contains(.,'English')]</arg>
<doc>Click the element identified by ``locator``.</doc>
<status status="NOT RUN" start="2025-09-05T12:09:15.249308" elapsed="0.000050"/>
</kw>
<kw name="Click Element" owner="SeleniumLibrary">
<arg>xpath=//a[contains(.,'Português')]</arg>
<doc>Click the element identified by ``locator``.</doc>
<status status="NOT RUN" start="2025-09-05T12:09:15.249511" elapsed="0.000041"/>
</kw>
<kw name="Element Should Be Visible" owner="SeleniumLibrary">
<arg>xpath=//p[contains(.,'Faça login e comece a usar!')]</arg>
<doc>Verifies that the element identified by ``locator`` is visible.</doc>
<status status="NOT RUN" start="2025-09-05T12:09:15.249686" elapsed="0.000040"/>
</kw>
<status status="NOT RUN" start="2025-09-05T12:09:15.248894" elapsed="0.000887"/>
</branch>
<status status="PASS" start="2025-09-05T12:09:15.248832" elapsed="0.001119"/>
</if>
<status status="PASS" start="2025-09-05T12:09:15.188199" elapsed="0.061859"/>
</kw>
<kw name="Quando realizo o login" owner="keywords">
<kw name="Input Text" owner="SeleniumLibrary">
<msg time="2025-09-05T12:09:15.253939" level="INFO">Typing text 'admin' into text field '//input[contains(@type,'text')]'.</msg>
<arg>locator=//input[contains(@type,'text')]</arg>
<arg>text=${login}</arg>
<doc>Types the given ``text`` into the text field identified by ``locator``.</doc>
<status status="PASS" start="2025-09-05T12:09:15.253613" elapsed="0.134694"/>
</kw>
<kw name="Input Text" owner="SeleniumLibrary">
<msg time="2025-09-05T12:09:15.389131" level="INFO">Typing text 'admin' into text field '//input[contains(@type,'password')]'.</msg>
<arg>locator=//input[contains(@type,'password')]</arg>
<arg>text=${senha}</arg>
<doc>Types the given ``text`` into the text field identified by ``locator``.</doc>
<status status="PASS" start="2025-09-05T12:09:15.388605" elapsed="0.133910"/>
</kw>
<kw name="Click Button" owner="SeleniumLibrary">
<msg time="2025-09-05T12:09:15.523207" level="INFO">Clicking button '//button[@type='submit'][contains(.,'Entrar')]'.</msg>
<arg>locator=//button[@type='submit'][contains(.,'Entrar')]</arg>
<doc>Clicks the button identified by ``locator``.</doc>
<status status="PASS" start="2025-09-05T12:09:15.522862" elapsed="0.200029"/>
</kw>
<arg>${LOGIN.QW50}</arg>
<arg>${SENHA.QW50}</arg>
<status status="PASS" start="2025-09-05T12:09:15.251233" elapsed="0.471875"/>
</kw>
<kw name="Wait Until Element Is Visible" owner="SeleniumLibrary">
<arg>locator=//a[contains(.,'Projetos')]</arg>
<doc>Waits until the element ``locator`` is visible.</doc>
<status status="PASS" start="2025-09-05T12:09:15.723323" elapsed="0.983687"/>
</kw>
<kw name="Click Element" owner="SeleniumLibrary">
<msg time="2025-09-05T12:09:16.707591" level="INFO">Clicking element '//a[contains(.,'Projetos')]'.</msg>
<arg>locator=//a[contains(.,'Projetos')]</arg>
<doc>Click the element identified by ``locator``.</doc>
<status status="PASS" start="2025-09-05T12:09:16.707310" elapsed="0.117037"/>
</kw>
<kw name="Wait Until Element Is Visible" owner="SeleniumLibrary">
<arg>locator=//a[contains(.,'Create Project')]</arg>
<doc>Waits until the element ``locator`` is visible.</doc>
<status status="PASS" start="2025-09-05T12:09:16.824723" elapsed="0.032783"/>
</kw>
<kw name="Wait Until Element Is Enabled" owner="SeleniumLibrary">
<arg>locator=//input[contains(@type,'text')]</arg>
<doc>Waits until the element ``locator`` is enabled.</doc>
<status status="PASS" start="2025-09-05T12:09:16.857759" elapsed="0.027255"/>
</kw>
<kw name="Input Text" owner="SeleniumLibrary">
<msg time="2025-09-05T12:09:16.885659" level="INFO">Typing text 'QATestes' into text field '//input[contains(@type,'text')]'.</msg>
<arg>locator=//input[contains(@type,'text')]</arg>
<arg>text=QATestes</arg>
<doc>Types the given ``text`` into the text field identified by ``locator``.</doc>
<status status="PASS" start="2025-09-05T12:09:16.885357" elapsed="0.115997"/>
</kw>
<kw name="Wait Until Element Is Enabled" owner="SeleniumLibrary">
<arg>locator=//span[@class='text-ellipsis'][contains(.,'QATestes QaTestesFuncionais')]</arg>
<doc>Waits until the element ``locator`` is enabled.</doc>
<status status="PASS" start="2025-09-05T12:09:17.001619" elapsed="0.033623"/>
</kw>
<kw name="Click Element" owner="SeleniumLibrary">
<msg time="2025-09-05T12:09:17.035780" level="INFO">Clicking element '//span[@class='text-ellipsis'][contains(.,'QATestes QaTestesFuncionais')]'.</msg>
<arg>locator=//span[@class='text-ellipsis'][contains(.,'QATestes QaTestesFuncionais')]</arg>
<doc>Click the element identified by ``locator``.</doc>
<status status="PASS" start="2025-09-05T12:09:17.035501" elapsed="0.565859"/>
</kw>
<status status="PASS" start="2025-09-05T12:09:15.187557" elapsed="2.413969"/>
</kw>
<kw name="Quando clico em editar configurações" owner="keywords">
<kw name="Click Element" owner="SeleniumLibrary">
<msg time="2025-09-05T12:09:17.602533" level="INFO">Clicking element '(//span[contains(@class,'default')])[3]'.</msg>
<arg>locator=(//span[contains(@class,'default')])[3]</arg>
<doc>Click the element identified by ``locator``.</doc>
<status status="PASS" start="2025-09-05T12:09:17.602303" elapsed="0.106192"/>
</kw>
<kw name="Wait Until Element Is Enabled" owner="SeleniumLibrary">
<arg>locator=//span[contains(.,'Configurações de projeto')]</arg>
<doc>Waits until the element ``locator`` is enabled.</doc>
<status status="PASS" start="2025-09-05T12:09:17.708752" elapsed="0.037764"/>
</kw>
<kw name="Click Element" owner="SeleniumLibrary">
<msg time="2025-09-05T12:09:17.747043" level="INFO">Clicking element '//span[contains(.,'Configurações de projeto')]'.</msg>
<arg>locator=//span[contains(.,'Configurações de projeto')]</arg>
<doc>Click the element identified by ``locator``.</doc>
<status status="PASS" start="2025-09-05T12:09:17.746769" elapsed="0.124554"/>
</kw>
<kw name="Wait Until Element Is Enabled" owner="SeleniumLibrary">
<arg>locator=//span[contains(.,'Configurações de projeto')]</arg>
<doc>Waits until the element ``locator`` is enabled.</doc>
<status status="PASS" start="2025-09-05T12:09:17.871580" elapsed="0.041462"/>
</kw>
<kw name="Wait Until Element Is Visible" owner="SeleniumLibrary">
<arg>locator=//span[contains(.,'Configurações de projeto')]</arg>
<doc>Waits until the element ``locator`` is visible.</doc>
<status status="PASS" start="2025-09-05T12:09:17.913444" elapsed="0.023740"/>
</kw>
<kw name="Sleep" owner="BuiltIn">
<msg time="2025-09-05T12:09:22.937920" level="INFO">Slept 5 seconds.</msg>
<arg>5s</arg>
<doc>Pauses the test executed for the given time.</doc>
<status status="PASS" start="2025-09-05T12:09:17.937478" elapsed="5.000650"/>
</kw>
<kw name="Click Element" owner="SeleniumLibrary">
<msg time="2025-09-05T12:09:22.938633" level="INFO">Clicking element '//span[contains(.,'Configurações de projeto')]'.</msg>
<arg>locator=//span[contains(.,'Configurações de projeto')]</arg>
<doc>Click the element identified by ``locator``.</doc>
<status status="PASS" start="2025-09-05T12:09:22.938370" elapsed="0.089916"/>
</kw>
<status status="PASS" start="2025-09-05T12:09:17.601906" elapsed="5.426594"/>
</kw>
<kw name="Então devo visualiza" owner="keywords">
<kw name="Wait Until Element Is Visible" owner="SeleniumLibrary">
<msg time="2025-09-05T12:09:28.362198" level="INFO" html="true">&lt;/td&gt;&lt;/tr&gt;&lt;tr&gt;&lt;td colspan="3"&gt;&lt;a href="selenium-screenshot-1.png"&gt;&lt;img src="selenium-screenshot-1.png" width="800px"&gt;&lt;/a&gt;</msg>
<msg time="2025-09-05T12:09:28.362459" level="FAIL">Element '//a[contains(@class,'has_tooltip pull-right btn btn-default btn-sm')]' not visible after 5 seconds.</msg>
<arg>locator=//a[contains(@class,'has_tooltip pull-right btn btn-default btn-sm')]</arg>
<doc>Waits until the element ``locator`` is visible.</doc>
<status status="FAIL" start="2025-09-05T12:09:23.029389" elapsed="5.335124">Element '//a[contains(@class,'has_tooltip pull-right btn btn-default btn-sm')]' not visible after 5 seconds.</status>
</kw>
<status status="FAIL" start="2025-09-05T12:09:23.028906" elapsed="5.335862">Element '//a[contains(@class,'has_tooltip pull-right btn btn-default btn-sm')]' not visible after 5 seconds.</status>
</kw>
<kw name="Fechar Navegador" owner="keywords" type="TEARDOWN">
<kw name="Capture Page Screenshot" owner="SeleniumLibrary">
<msg time="2025-09-05T12:09:28.418610" level="INFO" html="true">&lt;/td&gt;&lt;/tr&gt;&lt;tr&gt;&lt;td colspan="3"&gt;&lt;a href="selenium-screenshot-2.png"&gt;&lt;img src="selenium-screenshot-2.png" width="800px"&gt;&lt;/a&gt;</msg>
<doc>Takes a screenshot of the current page and embeds it into a log file.</doc>
<status status="PASS" start="2025-09-05T12:09:28.365742" elapsed="0.053024"/>
</kw>
<kw name="Close Browser" owner="SeleniumLibrary">
<doc>Closes the current browser.</doc>
<status status="PASS" start="2025-09-05T12:09:28.419000" elapsed="0.072405"/>
</kw>
<status status="PASS" start="2025-09-05T12:09:28.365298" elapsed="0.126330"/>
</kw>
<status status="FAIL" start="2025-09-05T12:09:14.226636" elapsed="14.265203">Element '//a[contains(@class,'has_tooltip pull-right btn btn-default btn-sm')]' not visible after 5 seconds.</status>
</test>
<status status="FAIL" start="2025-09-05T12:09:14.014845" elapsed="14.477744"/>
</suite>
<statistics>
<total>
<stat pass="0" fail="1" skip="0">All Tests</stat>
</total>
<tag>
</tag>
<suite>
<stat name="Editarconfig" id="s1" pass="0" fail="1" skip="0">Editarconfig</stat>
</suite>
</statistics>
<errors>
</errors>
</robot>
