<?xml version="1.0" encoding="UTF-8"?>
<robot generator="Robot 7.2.2 (Python 3.13.3 on linux)" generated="2025-04-23T18:05:35.723707" rpa="false" schemaversion="5">
<suite id="s1" name="Tests" source="/home/lucasrocha/QW Software/QWControl/Tests">
<suite id="s1-s1" name="001 Login" source="/home/lucasrocha/QW Software/QWControl/Tests/001_login.robot">
<test id="s1-s1-t1" name="CT-L01 - Login com usuário e senha corretos" line="9">
<kw name="Abrir Navegador" owner="keywords" type="SETUP">
<kw name="Open Browser" owner="SeleniumLibrary">
<msg time="2025-04-23T18:05:35.800824" level="INFO">Opening browser 'headlesschrome' to base url 'http://10.1.1.51:4441/'.</msg>
<arg>${url}</arg>
<arg>headlesschrome</arg>
<doc>Opens a new browser instance to the optional ``url``.</doc>
<status status="PASS" start="2025-04-23T18:05:35.800672" elapsed="3.153624"/>
</kw>
<kw name="Maximize Browser Window" owner="SeleniumLibrary">
<doc>Maximizes current browser window.</doc>
<status status="PASS" start="2025-04-23T18:05:38.954554" elapsed="0.032600"/>
</kw>
<arg>${URL.QW50}</arg>
<status status="PASS" start="2025-04-23T18:05:35.800000" elapsed="3.187313"/>
</kw>
<kw name="Dado que estou na aplicação" owner="keywords">
<kw name="Run Keyword And Return Status" owner="BuiltIn">
<kw name="Element Should Be Visible" owner="SeleniumLibrary">
<msg time="2025-04-23T18:05:39.020449" level="INFO">Element 'xpath=//p[contains(.,'Faça login e comece a usar!')]' is displayed.</msg>
<arg>xpath=//p[contains(.,'Faça login e comece a usar!')]</arg>
<doc>Verifies that the element identified by ``locator`` is visible.</doc>
<status status="PASS" start="2025-04-23T18:05:38.988286" elapsed="0.032315"/>
</kw>
<msg time="2025-04-23T18:05:39.020757" level="INFO">${elemento_visivel} = True</msg>
<var>${elemento_visivel}</var>
<arg>Element Should Be Visible</arg>
<arg>xpath=//p[contains(.,'Faça login e comece a usar!')]</arg>
<doc>Runs the given keyword with given arguments and returns the status as a Boolean value.</doc>
<status status="PASS" start="2025-04-23T18:05:38.988099" elapsed="0.032691"/>
</kw>
<if>
<branch type="IF" condition="'${elemento_visivel}' == 'False'">
<kw name="Click Element" owner="SeleniumLibrary">
<arg>xpath=//a[@class='dropdown-toggle'][contains(.,'English')]</arg>
<doc>Click the element identified by ``locator``.</doc>
<status status="NOT RUN" start="2025-04-23T18:05:39.021196" elapsed="0.000036"/>
</kw>
<kw name="Click Element" owner="SeleniumLibrary">
<arg>xpath=//a[contains(.,'Português')]</arg>
<doc>Click the element identified by ``locator``.</doc>
<status status="NOT RUN" start="2025-04-23T18:05:39.021335" elapsed="0.000028"/>
</kw>
<kw name="Element Should Be Visible" owner="SeleniumLibrary">
<arg>xpath=//p[contains(.,'Faça login e comece a usar!')]</arg>
<doc>Verifies that the element identified by ``locator`` is visible.</doc>
<status status="NOT RUN" start="2025-04-23T18:05:39.021471" elapsed="0.000034"/>
</kw>
<status status="NOT RUN" start="2025-04-23T18:05:39.020923" elapsed="0.000629"/>
</branch>
<status status="PASS" start="2025-04-23T18:05:39.020885" elapsed="0.000733"/>
</if>
<status status="PASS" start="2025-04-23T18:05:38.987724" elapsed="0.033976"/>
</kw>
<kw name="Quando realizo o login" owner="keywords">
<kw name="Input Text" owner="SeleniumLibrary">
<msg time="2025-04-23T18:05:39.023031" level="INFO">Typing text 'lucas.rocha' into text field '//input[contains(@type,'text')]'.</msg>
<arg>locator=//input[contains(@type,'text')]</arg>
<arg>text=${login}</arg>
<doc>Types the given ``text`` into the text field identified by ``locator``.</doc>
<status status="PASS" start="2025-04-23T18:05:39.022779" elapsed="0.065830"/>
</kw>
<kw name="Input Text" owner="SeleniumLibrary">
<msg time="2025-04-23T18:05:39.089080" level="INFO">Typing text '#Strike0109' into text field '//input[contains(@type,'password')]'.</msg>
<arg>locator=//input[contains(@type,'password')]</arg>
<arg>text=${senha}</arg>
<doc>Types the given ``text`` into the text field identified by ``locator``.</doc>
<status status="PASS" start="2025-04-23T18:05:39.088816" elapsed="0.058296"/>
</kw>
<kw name="Click Button" owner="SeleniumLibrary">
<msg time="2025-04-23T18:05:39.147609" level="INFO">Clicking button '//button[@type='submit'][contains(.,'Entrar')]'.</msg>
<arg>locator=//button[@type='submit'][contains(.,'Entrar')]</arg>
<doc>Clicks the button identified by ``locator``.</doc>
<status status="PASS" start="2025-04-23T18:05:39.147305" elapsed="0.117405"/>
</kw>
<arg>${LOGIN.QW50}</arg>
<arg>${SENHA.QW50}</arg>
<status status="PASS" start="2025-04-23T18:05:39.021909" elapsed="0.242951"/>
</kw>
<kw name="Então devo visualiza a tela principal" owner="keywords">
<kw name="Wait Until Element Is Enabled" owner="SeleniumLibrary">
<arg>locator=//input[contains(@type,'search')]</arg>
<doc>Waits until the element ``locator`` is enabled.</doc>
<status status="PASS" start="2025-04-23T18:05:39.265301" elapsed="0.713482"/>
</kw>
<kw name="Element Should Be Visible" owner="SeleniumLibrary">
<msg time="2025-04-23T18:05:39.995356" level="INFO">Element '//input[contains(@type,'search')]' is displayed.</msg>
<arg>locator=//input[contains(@type,'search')]</arg>
<doc>Verifies that the element identified by ``locator`` is visible.</doc>
<status status="PASS" start="2025-04-23T18:05:39.979034" elapsed="0.016450"/>
</kw>
<status status="PASS" start="2025-04-23T18:05:39.265068" elapsed="0.730623"/>
</kw>
<kw name="Fechar Navegador" owner="keywords" type="TEARDOWN">
<kw name="Capture Page Screenshot" owner="SeleniumLibrary">
<msg time="2025-04-23T18:05:40.086887" level="INFO" html="true">&lt;/td&gt;&lt;/tr&gt;&lt;tr&gt;&lt;td colspan="3"&gt;&lt;a href="selenium-screenshot-1.png"&gt;&lt;img src="selenium-screenshot-1.png" width="800px"&gt;&lt;/a&gt;</msg>
<doc>Takes a screenshot of the current page and embeds it into a log file.</doc>
<status status="PASS" start="2025-04-23T18:05:39.996186" elapsed="0.090816"/>
</kw>
<kw name="Close Browser" owner="SeleniumLibrary">
<doc>Closes the current browser.</doc>
<status status="PASS" start="2025-04-23T18:05:40.087157" elapsed="0.065382"/>
</kw>
<status status="PASS" start="2025-04-23T18:05:39.995968" elapsed="0.156663"/>
</kw>
<status status="PASS" start="2025-04-23T18:05:35.799499" elapsed="4.353210"/>
</test>
<test id="s1-s1-t2" name="CT-L02 - Usuário correto, senha incorreta" line="14">
<kw name="Abrir Navegador" owner="keywords" type="SETUP">
<kw name="Open Browser" owner="SeleniumLibrary">
<msg time="2025-04-23T18:05:40.153812" level="INFO">Opening browser 'headlesschrome' to base url 'http://10.1.1.51:4441/'.</msg>
<arg>${url}</arg>
<arg>headlesschrome</arg>
<doc>Opens a new browser instance to the optional ``url``.</doc>
<status status="PASS" start="2025-04-23T18:05:40.153664" elapsed="0.495332"/>
</kw>
<kw name="Maximize Browser Window" owner="SeleniumLibrary">
<doc>Maximizes current browser window.</doc>
<status status="PASS" start="2025-04-23T18:05:40.649242" elapsed="0.017600"/>
</kw>
<arg>${URL.QW50}</arg>
<status status="PASS" start="2025-04-23T18:05:40.153184" elapsed="0.513804"/>
</kw>
<kw name="Dado que estou na aplicação" owner="keywords">
<kw name="Run Keyword And Return Status" owner="BuiltIn">
<kw name="Element Should Be Visible" owner="SeleniumLibrary">
<msg time="2025-04-23T18:05:40.708120" level="INFO">Element 'xpath=//p[contains(.,'Faça login e comece a usar!')]' is displayed.</msg>
<arg>xpath=//p[contains(.,'Faça login e comece a usar!')]</arg>
<doc>Verifies that the element identified by ``locator`` is visible.</doc>
<status status="PASS" start="2025-04-23T18:05:40.668044" elapsed="0.040397"/>
</kw>
<msg time="2025-04-23T18:05:40.708723" level="INFO">${elemento_visivel} = True</msg>
<var>${elemento_visivel}</var>
<arg>Element Should Be Visible</arg>
<arg>xpath=//p[contains(.,'Faça login e comece a usar!')]</arg>
<doc>Runs the given keyword with given arguments and returns the status as a Boolean value.</doc>
<status status="PASS" start="2025-04-23T18:05:40.667837" elapsed="0.040946"/>
</kw>
<if>
<branch type="IF" condition="'${elemento_visivel}' == 'False'">
<kw name="Click Element" owner="SeleniumLibrary">
<arg>xpath=//a[@class='dropdown-toggle'][contains(.,'English')]</arg>
<doc>Click the element identified by ``locator``.</doc>
<status status="NOT RUN" start="2025-04-23T18:05:40.709382" elapsed="0.000079"/>
</kw>
<kw name="Click Element" owner="SeleniumLibrary">
<arg>xpath=//a[contains(.,'Português')]</arg>
<doc>Click the element identified by ``locator``.</doc>
<status status="NOT RUN" start="2025-04-23T18:05:40.709726" elapsed="0.000047"/>
</kw>
<kw name="Element Should Be Visible" owner="SeleniumLibrary">
<arg>xpath=//p[contains(.,'Faça login e comece a usar!')]</arg>
<doc>Verifies that the element identified by ``locator`` is visible.</doc>
<status status="NOT RUN" start="2025-04-23T18:05:40.709909" elapsed="0.000037"/>
</kw>
<status status="NOT RUN" start="2025-04-23T18:05:40.708984" elapsed="0.001026"/>
</branch>
<status status="PASS" start="2025-04-23T18:05:40.708933" elapsed="0.001157"/>
</if>
<status status="PASS" start="2025-04-23T18:05:40.667407" elapsed="0.042775"/>
</kw>
<kw name="Quando realizo o login com a senha incorreta" owner="keywords">
<kw name="Input Text" owner="SeleniumLibrary">
<msg time="2025-04-23T18:05:40.711782" level="INFO">Typing text 'lucas.rocha' into text field '//input[contains(@type,'text')]'.</msg>
<arg>locator=//input[contains(@type,'text')]</arg>
<arg>text=${login}</arg>
<doc>Types the given ``text`` into the text field identified by ``locator``.</doc>
<status status="PASS" start="2025-04-23T18:05:40.711374" elapsed="0.071672"/>
</kw>
<kw name="Input Text" owner="SeleniumLibrary">
<msg time="2025-04-23T18:05:40.783557" level="INFO">Typing text 'senhaerrada' into text field '//input[contains(@type,'password')]'.</msg>
<arg>locator=//input[contains(@type,'password')]</arg>
<arg>text=${senha}</arg>
<doc>Types the given ``text`` into the text field identified by ``locator``.</doc>
<status status="PASS" start="2025-04-23T18:05:40.783259" elapsed="0.063993"/>
</kw>
<kw name="Click Button" owner="SeleniumLibrary">
<msg time="2025-04-23T18:05:40.847750" level="INFO">Clicking button '//button[@type='submit'][contains(.,'Entrar')]'.</msg>
<arg>locator=//button[@type='submit'][contains(.,'Entrar')]</arg>
<doc>Clicks the button identified by ``locator``.</doc>
<status status="PASS" start="2025-04-23T18:05:40.847487" elapsed="0.100668"/>
</kw>
<arg>${LOGIN.QW50}</arg>
<arg>senhaerrada</arg>
<status status="PASS" start="2025-04-23T18:05:40.710465" elapsed="0.237841"/>
</kw>
<kw name="Então devo visualizar a mensagem" owner="keywords">
<kw name="Wait Until Element Is Enabled" owner="SeleniumLibrary">
<arg>locator=//span[contains(.,'${mensagem}')]</arg>
<doc>Waits until the element ``locator`` is enabled.</doc>
<status status="PASS" start="2025-04-23T18:05:40.949124" elapsed="0.058337"/>
</kw>
<kw name="Element Should Be Visible" owner="SeleniumLibrary">
<msg time="2025-04-23T18:05:41.027795" level="INFO">Element '//span[contains(.,'Nome de usuário e senha inválidos.')]' is displayed.</msg>
<arg>locator=//span[contains(.,'${mensagem}')]</arg>
<doc>Verifies that the element identified by ``locator`` is visible.</doc>
<status status="PASS" start="2025-04-23T18:05:41.007669" elapsed="0.020263"/>
</kw>
<arg>Nome de usuário e senha inválidos.</arg>
<status status="PASS" start="2025-04-23T18:05:40.948614" elapsed="0.079430"/>
</kw>
<kw name="Fechar Navegador" owner="keywords" type="TEARDOWN">
<kw name="Capture Page Screenshot" owner="SeleniumLibrary">
<msg time="2025-04-23T18:05:41.359504" level="INFO" html="true">&lt;/td&gt;&lt;/tr&gt;&lt;tr&gt;&lt;td colspan="3"&gt;&lt;a href="selenium-screenshot-2.png"&gt;&lt;img src="selenium-screenshot-2.png" width="800px"&gt;&lt;/a&gt;</msg>
<doc>Takes a screenshot of the current page and embeds it into a log file.</doc>
<status status="PASS" start="2025-04-23T18:05:41.028770" elapsed="0.330876"/>
</kw>
<kw name="Close Browser" owner="SeleniumLibrary">
<doc>Closes the current browser.</doc>
<status status="PASS" start="2025-04-23T18:05:41.359831" elapsed="0.060596"/>
</kw>
<status status="PASS" start="2025-04-23T18:05:41.028409" elapsed="0.392279"/>
</kw>
<status status="PASS" start="2025-04-23T18:05:40.152916" elapsed="1.268013"/>
</test>
<test id="s1-s1-t3" name="CT-L03 - Usuário vazio" line="19">
<kw name="Abrir Navegador" owner="keywords" type="SETUP">
<kw name="Open Browser" owner="SeleniumLibrary">
<msg time="2025-04-23T18:05:41.424243" level="INFO">Opening browser 'headlesschrome' to base url 'http://10.1.1.51:4441/'.</msg>
<arg>${url}</arg>
<arg>headlesschrome</arg>
<doc>Opens a new browser instance to the optional ``url``.</doc>
<status status="PASS" start="2025-04-23T18:05:41.423844" elapsed="0.489276"/>
</kw>
<kw name="Maximize Browser Window" owner="SeleniumLibrary">
<doc>Maximizes current browser window.</doc>
<status status="PASS" start="2025-04-23T18:05:41.913317" elapsed="0.015460"/>
</kw>
<arg>${URL.QW50}</arg>
<status status="PASS" start="2025-04-23T18:05:41.422409" elapsed="0.506453"/>
</kw>
<kw name="Dado que estou na aplicação" owner="keywords">
<kw name="Run Keyword And Return Status" owner="BuiltIn">
<kw name="Element Should Be Visible" owner="SeleniumLibrary">
<msg time="2025-04-23T18:05:41.970950" level="INFO">Element 'xpath=//p[contains(.,'Faça login e comece a usar!')]' is displayed.</msg>
<arg>xpath=//p[contains(.,'Faça login e comece a usar!')]</arg>
<doc>Verifies that the element identified by ``locator`` is visible.</doc>
<status status="PASS" start="2025-04-23T18:05:41.929456" elapsed="0.041645"/>
</kw>
<msg time="2025-04-23T18:05:41.971285" level="INFO">${elemento_visivel} = True</msg>
<var>${elemento_visivel}</var>
<arg>Element Should Be Visible</arg>
<arg>xpath=//p[contains(.,'Faça login e comece a usar!')]</arg>
<doc>Runs the given keyword with given arguments and returns the status as a Boolean value.</doc>
<status status="PASS" start="2025-04-23T18:05:41.929316" elapsed="0.042013"/>
</kw>
<if>
<branch type="IF" condition="'${elemento_visivel}' == 'False'">
<kw name="Click Element" owner="SeleniumLibrary">
<arg>xpath=//a[@class='dropdown-toggle'][contains(.,'English')]</arg>
<doc>Click the element identified by ``locator``.</doc>
<status status="NOT RUN" start="2025-04-23T18:05:41.971869" elapsed="0.000065"/>
</kw>
<kw name="Click Element" owner="SeleniumLibrary">
<arg>xpath=//a[contains(.,'Português')]</arg>
<doc>Click the element identified by ``locator``.</doc>
<status status="NOT RUN" start="2025-04-23T18:05:41.972092" elapsed="0.000055"/>
</kw>
<kw name="Element Should Be Visible" owner="SeleniumLibrary">
<arg>xpath=//p[contains(.,'Faça login e comece a usar!')]</arg>
<doc>Verifies that the element identified by ``locator`` is visible.</doc>
<status status="NOT RUN" start="2025-04-23T18:05:41.972323" elapsed="0.000050"/>
</kw>
<status status="NOT RUN" start="2025-04-23T18:05:41.971502" elapsed="0.000960"/>
</branch>
<status status="PASS" start="2025-04-23T18:05:41.971450" elapsed="0.001091"/>
</if>
<status status="PASS" start="2025-04-23T18:05:41.929088" elapsed="0.043560"/>
</kw>
<kw name="Quando realizo o login com a usuario vazio" owner="keywords">
<kw name="Input Text" owner="SeleniumLibrary">
<msg time="2025-04-23T18:05:41.974104" level="INFO">Typing text '#Strike0109' into text field '//input[contains(@type,'password')]'.</msg>
<arg>locator=//input[contains(@type,'password')]</arg>
<arg>text=${senha}</arg>
<doc>Types the given ``text`` into the text field identified by ``locator``.</doc>
<status status="PASS" start="2025-04-23T18:05:41.973819" elapsed="0.098428"/>
</kw>
<kw name="Click Button" owner="SeleniumLibrary">
<msg time="2025-04-23T18:05:42.072683" level="INFO">Clicking button '//button[@type='submit'][contains(.,'Entrar')]'.</msg>
<arg>locator=//button[@type='submit'][contains(.,'Entrar')]</arg>
<doc>Clicks the button identified by ``locator``.</doc>
<status status="PASS" start="2025-04-23T18:05:42.072460" elapsed="0.068916"/>
</kw>
<arg>${SENHA.QW50}</arg>
<arg>Usuário não inserido</arg>
<status status="PASS" start="2025-04-23T18:05:41.972945" elapsed="0.168596"/>
</kw>
<kw name="Então devo visualizar a mensagem" owner="keywords">
<kw name="Wait Until Element Is Enabled" owner="SeleniumLibrary">
<arg>locator=//span[contains(.,'${mensagem}')]</arg>
<doc>Waits until the element ``locator`` is enabled.</doc>
<status status="PASS" start="2025-04-23T18:05:42.142208" elapsed="0.027279"/>
</kw>
<kw name="Element Should Be Visible" owner="SeleniumLibrary">
<msg time="2025-04-23T18:05:42.185686" level="INFO">Element '//span[contains(.,'Usuário não inserido')]' is displayed.</msg>
<arg>locator=//span[contains(.,'${mensagem}')]</arg>
<doc>Verifies that the element identified by ``locator`` is visible.</doc>
<status status="PASS" start="2025-04-23T18:05:42.169781" elapsed="0.016049"/>
</kw>
<arg>Usuário não inserido</arg>
<status status="PASS" start="2025-04-23T18:05:42.141835" elapsed="0.044138"/>
</kw>
<kw name="Fechar Navegador" owner="keywords" type="TEARDOWN">
<kw name="Capture Page Screenshot" owner="SeleniumLibrary">
<msg time="2025-04-23T18:05:42.485551" level="INFO" html="true">&lt;/td&gt;&lt;/tr&gt;&lt;tr&gt;&lt;td colspan="3"&gt;&lt;a href="selenium-screenshot-3.png"&gt;&lt;img src="selenium-screenshot-3.png" width="800px"&gt;&lt;/a&gt;</msg>
<doc>Takes a screenshot of the current page and embeds it into a log file.</doc>
<status status="PASS" start="2025-04-23T18:05:42.186719" elapsed="0.298913"/>
</kw>
<kw name="Close Browser" owner="SeleniumLibrary">
<doc>Closes the current browser.</doc>
<status status="PASS" start="2025-04-23T18:05:42.485744" elapsed="0.060473"/>
</kw>
<status status="PASS" start="2025-04-23T18:05:42.186353" elapsed="0.360171"/>
</kw>
<status status="PASS" start="2025-04-23T18:05:41.421628" elapsed="1.125278"/>
</test>
<test id="s1-s1-t4" name="CT-L04 - Senha vazia" line="24">
<kw name="Abrir Navegador" owner="keywords" type="SETUP">
<kw name="Open Browser" owner="SeleniumLibrary">
<msg time="2025-04-23T18:05:42.549965" level="INFO">Opening browser 'headlesschrome' to base url 'http://10.1.1.51:4441/'.</msg>
<arg>${url}</arg>
<arg>headlesschrome</arg>
<doc>Opens a new browser instance to the optional ``url``.</doc>
<status status="PASS" start="2025-04-23T18:05:42.549633" elapsed="0.503501"/>
</kw>
<kw name="Maximize Browser Window" owner="SeleniumLibrary">
<doc>Maximizes current browser window.</doc>
<status status="PASS" start="2025-04-23T18:05:43.053364" elapsed="0.015530"/>
</kw>
<arg>${URL.QW50}</arg>
<status status="PASS" start="2025-04-23T18:05:42.548341" elapsed="0.520665"/>
</kw>
<kw name="Dado que estou na aplicação" owner="keywords">
<kw name="Run Keyword And Return Status" owner="BuiltIn">
<kw name="Element Should Be Visible" owner="SeleniumLibrary">
<msg time="2025-04-23T18:05:43.102980" level="INFO">Element 'xpath=//p[contains(.,'Faça login e comece a usar!')]' is displayed.</msg>
<arg>xpath=//p[contains(.,'Faça login e comece a usar!')]</arg>
<doc>Verifies that the element identified by ``locator`` is visible.</doc>
<status status="PASS" start="2025-04-23T18:05:43.069761" elapsed="0.033326"/>
</kw>
<msg time="2025-04-23T18:05:43.103227" level="INFO">${elemento_visivel} = True</msg>
<var>${elemento_visivel}</var>
<arg>Element Should Be Visible</arg>
<arg>xpath=//p[contains(.,'Faça login e comece a usar!')]</arg>
<doc>Runs the given keyword with given arguments and returns the status as a Boolean value.</doc>
<status status="PASS" start="2025-04-23T18:05:43.069613" elapsed="0.033642"/>
</kw>
<if>
<branch type="IF" condition="'${elemento_visivel}' == 'False'">
<kw name="Click Element" owner="SeleniumLibrary">
<arg>xpath=//a[@class='dropdown-toggle'][contains(.,'English')]</arg>
<doc>Click the element identified by ``locator``.</doc>
<status status="NOT RUN" start="2025-04-23T18:05:43.103658" elapsed="0.000035"/>
</kw>
<kw name="Click Element" owner="SeleniumLibrary">
<arg>xpath=//a[contains(.,'Português')]</arg>
<doc>Click the element identified by ``locator``.</doc>
<status status="NOT RUN" start="2025-04-23T18:05:43.103793" elapsed="0.000026"/>
</kw>
<kw name="Element Should Be Visible" owner="SeleniumLibrary">
<arg>xpath=//p[contains(.,'Faça login e comece a usar!')]</arg>
<doc>Verifies that the element identified by ``locator`` is visible.</doc>
<status status="NOT RUN" start="2025-04-23T18:05:43.103908" elapsed="0.000025"/>
</kw>
<status status="NOT RUN" start="2025-04-23T18:05:43.103363" elapsed="0.000610"/>
</branch>
<status status="PASS" start="2025-04-23T18:05:43.103335" elapsed="0.000678"/>
</if>
<status status="PASS" start="2025-04-23T18:05:43.069311" elapsed="0.034755"/>
</kw>
<kw name="Quando realizo o login com a senha vazia" owner="keywords">
<kw name="Input Text" owner="SeleniumLibrary">
<msg time="2025-04-23T18:05:43.105141" level="INFO">Typing text 'lucas.rocha' into text field '//input[contains(@type,'text')]'.</msg>
<arg>locator=//input[contains(@type,'text')]</arg>
<arg>text=${login}</arg>
<doc>Types the given ``text`` into the text field identified by ``locator``.</doc>
<status status="PASS" start="2025-04-23T18:05:43.104924" elapsed="0.076373"/>
</kw>
<kw name="Click Button" owner="SeleniumLibrary">
<msg time="2025-04-23T18:05:43.181742" level="INFO">Clicking button '//button[@type='submit'][contains(.,'Entrar')]'.</msg>
<arg>locator=//button[@type='submit'][contains(.,'Entrar')]</arg>
<doc>Clicks the button identified by ``locator``.</doc>
<status status="PASS" start="2025-04-23T18:05:43.181532" elapsed="0.099921"/>
</kw>
<arg>${LOGIN.QW50}</arg>
<arg>Nome de usuário e senha inválidos.</arg>
<status status="PASS" start="2025-04-23T18:05:43.104244" elapsed="0.177391"/>
</kw>
<kw name="Então devo visualizar a mensagem" owner="keywords">
<kw name="Wait Until Element Is Enabled" owner="SeleniumLibrary">
<arg>locator=//span[contains(.,'${mensagem}')]</arg>
<doc>Waits until the element ``locator`` is enabled.</doc>
<status status="PASS" start="2025-04-23T18:05:43.282755" elapsed="0.288431"/>
</kw>
<kw name="Element Should Be Visible" owner="SeleniumLibrary">
<msg time="2025-04-23T18:05:43.597886" level="INFO">Element '//span[contains(.,'Nome de usuário e senha inválidos.')]' is displayed.</msg>
<arg>locator=//span[contains(.,'${mensagem}')]</arg>
<doc>Verifies that the element identified by ``locator`` is visible.</doc>
<status status="PASS" start="2025-04-23T18:05:43.571452" elapsed="0.026559"/>
</kw>
<arg>Nome de usuário e senha inválidos.</arg>
<status status="PASS" start="2025-04-23T18:05:43.282054" elapsed="0.316076"/>
</kw>
<kw name="Fechar Navegador" owner="keywords" type="TEARDOWN">
<kw name="Capture Page Screenshot" owner="SeleniumLibrary">
<msg time="2025-04-23T18:05:43.898535" level="INFO" html="true">&lt;/td&gt;&lt;/tr&gt;&lt;tr&gt;&lt;td colspan="3"&gt;&lt;a href="selenium-screenshot-4.png"&gt;&lt;img src="selenium-screenshot-4.png" width="800px"&gt;&lt;/a&gt;</msg>
<doc>Takes a screenshot of the current page and embeds it into a log file.</doc>
<status status="PASS" start="2025-04-23T18:05:43.598836" elapsed="0.299787"/>
</kw>
<kw name="Close Browser" owner="SeleniumLibrary">
<doc>Closes the current browser.</doc>
<status status="PASS" start="2025-04-23T18:05:43.898736" elapsed="0.059612"/>
</kw>
<status status="PASS" start="2025-04-23T18:05:43.598504" elapsed="0.360150"/>
</kw>
<status status="PASS" start="2025-04-23T18:05:42.547579" elapsed="1.411309"/>
</test>
<test id="s1-s1-t5" name="CT-L05 - Ambos os campos vazios" line="29">
<kw name="Abrir Navegador" owner="keywords" type="SETUP">
<kw name="Open Browser" owner="SeleniumLibrary">
<msg time="2025-04-23T18:05:43.962067" level="INFO">Opening browser 'headlesschrome' to base url 'http://10.1.1.51:4441/'.</msg>
<arg>${url}</arg>
<arg>headlesschrome</arg>
<doc>Opens a new browser instance to the optional ``url``.</doc>
<status status="PASS" start="2025-04-23T18:05:43.961728" elapsed="0.504561"/>
</kw>
<kw name="Maximize Browser Window" owner="SeleniumLibrary">
<doc>Maximizes current browser window.</doc>
<status status="PASS" start="2025-04-23T18:05:44.466519" elapsed="0.022223"/>
</kw>
<arg>${URL.QW50}</arg>
<status status="PASS" start="2025-04-23T18:05:43.960295" elapsed="0.528603"/>
</kw>
<kw name="Dado que estou na aplicação" owner="keywords">
<kw name="Run Keyword And Return Status" owner="BuiltIn">
<kw name="Element Should Be Visible" owner="SeleniumLibrary">
<msg time="2025-04-23T18:05:44.541180" level="INFO">Element 'xpath=//p[contains(.,'Faça login e comece a usar!')]' is displayed.</msg>
<arg>xpath=//p[contains(.,'Faça login e comece a usar!')]</arg>
<doc>Verifies that the element identified by ``locator`` is visible.</doc>
<status status="PASS" start="2025-04-23T18:05:44.489850" elapsed="0.051625"/>
</kw>
<msg time="2025-04-23T18:05:44.541722" level="INFO">${elemento_visivel} = True</msg>
<var>${elemento_visivel}</var>
<arg>Element Should Be Visible</arg>
<arg>xpath=//p[contains(.,'Faça login e comece a usar!')]</arg>
<doc>Runs the given keyword with given arguments and returns the status as a Boolean value.</doc>
<status status="PASS" start="2025-04-23T18:05:44.489644" elapsed="0.052129"/>
</kw>
<if>
<branch type="IF" condition="'${elemento_visivel}' == 'False'">
<kw name="Click Element" owner="SeleniumLibrary">
<arg>xpath=//a[@class='dropdown-toggle'][contains(.,'English')]</arg>
<doc>Click the element identified by ``locator``.</doc>
<status status="NOT RUN" start="2025-04-23T18:05:44.542322" elapsed="0.000060"/>
</kw>
<kw name="Click Element" owner="SeleniumLibrary">
<arg>xpath=//a[contains(.,'Português')]</arg>
<doc>Click the element identified by ``locator``.</doc>
<status status="NOT RUN" start="2025-04-23T18:05:44.542570" elapsed="0.000053"/>
</kw>
<kw name="Element Should Be Visible" owner="SeleniumLibrary">
<arg>xpath=//p[contains(.,'Faça login e comece a usar!')]</arg>
<doc>Verifies that the element identified by ``locator`` is visible.</doc>
<status status="NOT RUN" start="2025-04-23T18:05:44.542777" elapsed="0.000043"/>
</kw>
<status status="NOT RUN" start="2025-04-23T18:05:44.541955" elapsed="0.000925"/>
</branch>
<status status="PASS" start="2025-04-23T18:05:44.541911" elapsed="0.001031"/>
</if>
<status status="PASS" start="2025-04-23T18:05:44.489272" elapsed="0.053746"/>
</kw>
<kw name="Quando realizo o login com os campos vazios" owner="keywords">
<kw name="Click Button" owner="SeleniumLibrary">
<msg time="2025-04-23T18:05:44.543881" level="INFO">Clicking button '//button[@type='submit'][contains(.,'Entrar')]'.</msg>
<arg>locator=//button[@type='submit'][contains(.,'Entrar')]</arg>
<doc>Clicks the button identified by ``locator``.</doc>
<status status="PASS" start="2025-04-23T18:05:44.543619" elapsed="0.090800"/>
</kw>
<status status="PASS" start="2025-04-23T18:05:44.543261" elapsed="0.091338"/>
</kw>
<kw name="Então devo visualizar a mensagem" owner="keywords">
<kw name="Wait Until Element Is Enabled" owner="SeleniumLibrary">
<arg>locator=//span[contains(.,'${mensagem}')]</arg>
<doc>Waits until the element ``locator`` is enabled.</doc>
<status status="PASS" start="2025-04-23T18:05:44.635334" elapsed="0.032833"/>
</kw>
<kw name="Element Should Be Visible" owner="SeleniumLibrary">
<msg time="2025-04-23T18:05:44.683500" level="INFO">Element '//span[contains(.,'Usuário não inserido')]' is displayed.</msg>
<arg>locator=//span[contains(.,'${mensagem}')]</arg>
<doc>Verifies that the element identified by ``locator`` is visible.</doc>
<status status="PASS" start="2025-04-23T18:05:44.668361" elapsed="0.015269"/>
</kw>
<arg>Usuário não inserido</arg>
<status status="PASS" start="2025-04-23T18:05:44.634912" elapsed="0.048843"/>
</kw>
<kw name="Fechar Navegador" owner="keywords" type="TEARDOWN">
<kw name="Capture Page Screenshot" owner="SeleniumLibrary">
<msg time="2025-04-23T18:05:45.007756" level="INFO" html="true">&lt;/td&gt;&lt;/tr&gt;&lt;tr&gt;&lt;td colspan="3"&gt;&lt;a href="selenium-screenshot-5.png"&gt;&lt;img src="selenium-screenshot-5.png" width="800px"&gt;&lt;/a&gt;</msg>
<doc>Takes a screenshot of the current page and embeds it into a log file.</doc>
<status status="PASS" start="2025-04-23T18:05:44.684384" elapsed="0.323452"/>
</kw>
<kw name="Close Browser" owner="SeleniumLibrary">
<doc>Closes the current browser.</doc>
<status status="PASS" start="2025-04-23T18:05:45.007943" elapsed="0.058974"/>
</kw>
<status status="PASS" start="2025-04-23T18:05:44.684095" elapsed="0.383127"/>
</kw>
<status status="PASS" start="2025-04-23T18:05:43.959516" elapsed="1.107981"/>
</test>
<test id="s1-s1-t6" name="CT-L06 - Espaços em branco" line="34">
<kw name="Abrir Navegador" owner="keywords" type="SETUP">
<kw name="Open Browser" owner="SeleniumLibrary">
<msg time="2025-04-23T18:05:45.071088" level="INFO">Opening browser 'headlesschrome' to base url 'http://10.1.1.51:4441/'.</msg>
<arg>${url}</arg>
<arg>headlesschrome</arg>
<doc>Opens a new browser instance to the optional ``url``.</doc>
<status status="PASS" start="2025-04-23T18:05:45.070679" elapsed="0.526809"/>
</kw>
<kw name="Maximize Browser Window" owner="SeleniumLibrary">
<doc>Maximizes current browser window.</doc>
<status status="PASS" start="2025-04-23T18:05:45.597721" elapsed="0.016422"/>
</kw>
<arg>${URL.QW50}</arg>
<status status="PASS" start="2025-04-23T18:05:45.069175" elapsed="0.545089"/>
</kw>
<kw name="Dado que estou na aplicação" owner="keywords">
<kw name="Run Keyword And Return Status" owner="BuiltIn">
<kw name="Element Should Be Visible" owner="SeleniumLibrary">
<msg time="2025-04-23T18:05:45.653637" level="INFO">Element 'xpath=//p[contains(.,'Faça login e comece a usar!')]' is displayed.</msg>
<arg>xpath=//p[contains(.,'Faça login e comece a usar!')]</arg>
<doc>Verifies that the element identified by ``locator`` is visible.</doc>
<status status="PASS" start="2025-04-23T18:05:45.615015" elapsed="0.038792"/>
</kw>
<msg time="2025-04-23T18:05:45.654044" level="INFO">${elemento_visivel} = True</msg>
<var>${elemento_visivel}</var>
<arg>Element Should Be Visible</arg>
<arg>xpath=//p[contains(.,'Faça login e comece a usar!')]</arg>
<doc>Runs the given keyword with given arguments and returns the status as a Boolean value.</doc>
<status status="PASS" start="2025-04-23T18:05:45.614857" elapsed="0.039242"/>
</kw>
<if>
<branch type="IF" condition="'${elemento_visivel}' == 'False'">
<kw name="Click Element" owner="SeleniumLibrary">
<arg>xpath=//a[@class='dropdown-toggle'][contains(.,'English')]</arg>
<doc>Click the element identified by ``locator``.</doc>
<status status="NOT RUN" start="2025-04-23T18:05:45.654720" elapsed="0.000064"/>
</kw>
<kw name="Click Element" owner="SeleniumLibrary">
<arg>xpath=//a[contains(.,'Português')]</arg>
<doc>Click the element identified by ``locator``.</doc>
<status status="NOT RUN" start="2025-04-23T18:05:45.654981" elapsed="0.000057"/>
</kw>
<kw name="Element Should Be Visible" owner="SeleniumLibrary">
<arg>xpath=//p[contains(.,'Faça login e comece a usar!')]</arg>
<doc>Verifies that the element identified by ``locator`` is visible.</doc>
<status status="NOT RUN" start="2025-04-23T18:05:45.655246" elapsed="0.000064"/>
</kw>
<status status="NOT RUN" start="2025-04-23T18:05:45.654294" elapsed="0.001105"/>
</branch>
<status status="PASS" start="2025-04-23T18:05:45.654245" elapsed="0.001268"/>
</if>
<status status="PASS" start="2025-04-23T18:05:45.614588" elapsed="0.041046"/>
</kw>
<kw name="Quando realizo o login" owner="keywords">
<kw name="Input Text" owner="SeleniumLibrary">
<msg time="2025-04-23T18:05:45.658497" level="INFO">Typing text ' lucas.rocha ' into text field '//input[contains(@type,'text')]'.</msg>
<arg>locator=//input[contains(@type,'text')]</arg>
<arg>text=${login}</arg>
<doc>Types the given ``text`` into the text field identified by ``locator``.</doc>
<status status="PASS" start="2025-04-23T18:05:45.657935" elapsed="0.076461"/>
</kw>
<kw name="Input Text" owner="SeleniumLibrary">
<msg time="2025-04-23T18:05:45.734989" level="INFO">Typing text '#Strike0109' into text field '//input[contains(@type,'password')]'.</msg>
<arg>locator=//input[contains(@type,'password')]</arg>
<arg>text=${senha}</arg>
<doc>Types the given ``text`` into the text field identified by ``locator``.</doc>
<status status="PASS" start="2025-04-23T18:05:45.734661" elapsed="0.068640"/>
</kw>
<kw name="Click Button" owner="SeleniumLibrary">
<msg time="2025-04-23T18:05:45.803751" level="INFO">Clicking button '//button[@type='submit'][contains(.,'Entrar')]'.</msg>
<arg>locator=//button[@type='submit'][contains(.,'Entrar')]</arg>
<doc>Clicks the button identified by ``locator``.</doc>
<status status="PASS" start="2025-04-23T18:05:45.803531" elapsed="0.122863"/>
</kw>
<arg>${LOGIN.QWEsp}</arg>
<arg>${SENHA.QW50}</arg>
<status status="PASS" start="2025-04-23T18:05:45.656030" elapsed="0.270602"/>
</kw>
<kw name="Então devo visualiza a tela principal" owner="keywords">
<kw name="Wait Until Element Is Enabled" owner="SeleniumLibrary">
<arg>locator=//input[contains(@type,'search')]</arg>
<doc>Waits until the element ``locator`` is enabled.</doc>
<status status="PASS" start="2025-04-23T18:05:45.927598" elapsed="0.811982"/>
</kw>
<kw name="Element Should Be Visible" owner="SeleniumLibrary">
<msg time="2025-04-23T18:05:46.751901" level="INFO">Element '//input[contains(@type,'search')]' is displayed.</msg>
<arg>locator=//input[contains(@type,'search')]</arg>
<doc>Verifies that the element identified by ``locator`` is visible.</doc>
<status status="PASS" start="2025-04-23T18:05:46.739745" elapsed="0.012286"/>
</kw>
<status status="PASS" start="2025-04-23T18:05:45.927109" elapsed="0.825064"/>
</kw>
<kw name="Fechar Navegador" owner="keywords" type="TEARDOWN">
<kw name="Capture Page Screenshot" owner="SeleniumLibrary">
<msg time="2025-04-23T18:05:46.832336" level="INFO" html="true">&lt;/td&gt;&lt;/tr&gt;&lt;tr&gt;&lt;td colspan="3"&gt;&lt;a href="selenium-screenshot-6.png"&gt;&lt;img src="selenium-screenshot-6.png" width="800px"&gt;&lt;/a&gt;</msg>
<doc>Takes a screenshot of the current page and embeds it into a log file.</doc>
<status status="PASS" start="2025-04-23T18:05:46.752998" elapsed="0.079464"/>
</kw>
<kw name="Close Browser" owner="SeleniumLibrary">
<doc>Closes the current browser.</doc>
<status status="PASS" start="2025-04-23T18:05:46.832623" elapsed="0.057257"/>
</kw>
<status status="PASS" start="2025-04-23T18:05:46.752588" elapsed="0.137464"/>
</kw>
<status status="PASS" start="2025-04-23T18:05:45.068198" elapsed="1.821994"/>
</test>
<test id="s1-s1-t7" name="CT-L07 - Mudança de idioma" line="39">
<kw name="Abrir Navegador" owner="keywords" type="SETUP">
<kw name="Open Browser" owner="SeleniumLibrary">
<msg time="2025-04-23T18:05:46.892365" level="INFO">Opening browser 'headlesschrome' to base url 'http://10.1.1.51:4441/'.</msg>
<arg>${url}</arg>
<arg>headlesschrome</arg>
<doc>Opens a new browser instance to the optional ``url``.</doc>
<status status="PASS" start="2025-04-23T18:05:46.892075" elapsed="0.486125"/>
</kw>
<kw name="Maximize Browser Window" owner="SeleniumLibrary">
<doc>Maximizes current browser window.</doc>
<status status="PASS" start="2025-04-23T18:05:47.378391" elapsed="0.016551"/>
</kw>
<arg>${URL.QW50}</arg>
<status status="PASS" start="2025-04-23T18:05:46.891149" elapsed="0.503915"/>
</kw>
<kw name="Dado que estou na aplicação" owner="keywords">
<kw name="Run Keyword And Return Status" owner="BuiltIn">
<kw name="Element Should Be Visible" owner="SeleniumLibrary">
<msg time="2025-04-23T18:05:47.436298" level="INFO">Element 'xpath=//p[contains(.,'Faça login e comece a usar!')]' is displayed.</msg>
<arg>xpath=//p[contains(.,'Faça login e comece a usar!')]</arg>
<doc>Verifies that the element identified by ``locator`` is visible.</doc>
<status status="PASS" start="2025-04-23T18:05:47.395907" elapsed="0.040582"/>
</kw>
<msg time="2025-04-23T18:05:47.436742" level="INFO">${elemento_visivel} = True</msg>
<var>${elemento_visivel}</var>
<arg>Element Should Be Visible</arg>
<arg>xpath=//p[contains(.,'Faça login e comece a usar!')]</arg>
<doc>Runs the given keyword with given arguments and returns the status as a Boolean value.</doc>
<status status="PASS" start="2025-04-23T18:05:47.395728" elapsed="0.041069"/>
</kw>
<if>
<branch type="IF" condition="'${elemento_visivel}' == 'False'">
<kw name="Click Element" owner="SeleniumLibrary">
<arg>xpath=//a[@class='dropdown-toggle'][contains(.,'English')]</arg>
<doc>Click the element identified by ``locator``.</doc>
<status status="NOT RUN" start="2025-04-23T18:05:47.437368" elapsed="0.000072"/>
</kw>
<kw name="Click Element" owner="SeleniumLibrary">
<arg>xpath=//a[contains(.,'Português')]</arg>
<doc>Click the element identified by ``locator``.</doc>
<status status="NOT RUN" start="2025-04-23T18:05:47.437624" elapsed="0.000050"/>
</kw>
<kw name="Element Should Be Visible" owner="SeleniumLibrary">
<arg>xpath=//p[contains(.,'Faça login e comece a usar!')]</arg>
<doc>Verifies that the element identified by ``locator`` is visible.</doc>
<status status="NOT RUN" start="2025-04-23T18:05:47.437837" elapsed="0.000037"/>
</kw>
<status status="NOT RUN" start="2025-04-23T18:05:47.436984" elapsed="0.000939"/>
</branch>
<status status="PASS" start="2025-04-23T18:05:47.436938" elapsed="0.001038"/>
</if>
<status status="PASS" start="2025-04-23T18:05:47.395373" elapsed="0.042672"/>
</kw>
<kw name="Quando troco de idioma" owner="keywords">
<kw name="Click Element" owner="SeleniumLibrary">
<msg time="2025-04-23T18:05:47.438863" level="INFO">Clicking element '//a[contains(@class,'dropdown-toggle')]'.</msg>
<arg>locator=//a[contains(@class,'dropdown-toggle')]</arg>
<doc>Click the element identified by ``locator``.</doc>
<status status="PASS" start="2025-04-23T18:05:47.438605" elapsed="0.059696"/>
</kw>
<kw name="Click Element" owner="SeleniumLibrary">
<msg time="2025-04-23T18:05:47.498676" level="INFO">Clicking element '//a[contains(.,'English')]'.</msg>
<arg>locator=//a[contains(.,'English')]</arg>
<doc>Click the element identified by ``locator``.</doc>
<status status="PASS" start="2025-04-23T18:05:47.498484" elapsed="0.105065"/>
</kw>
<status status="PASS" start="2025-04-23T18:05:47.438277" elapsed="0.165380"/>
</kw>
<kw name="A pagina deve ficar em ingles" owner="keywords">
<kw name="Page Should Contain" owner="SeleniumLibrary">
<msg time="2025-04-23T18:05:47.620429" level="INFO">Current page contains text 'Username'.</msg>
<arg>text=Username</arg>
<doc>Verifies that current page contains ``text``.</doc>
<status status="PASS" start="2025-04-23T18:05:47.604141" elapsed="0.016410"/>
</kw>
<kw name="Page Should Contain" owner="SeleniumLibrary">
<msg time="2025-04-23T18:05:47.632774" level="INFO">Current page contains text 'Password'.</msg>
<arg>text=Password</arg>
<doc>Verifies that current page contains ``text``.</doc>
<status status="PASS" start="2025-04-23T18:05:47.620709" elapsed="0.012160"/>
</kw>
<kw name="Page Should Contain Button" owner="SeleniumLibrary">
<msg time="2025-04-23T18:05:47.670754" level="INFO">Current page contains button '//button[@type='submit'][contains(.,'Log In')]'.</msg>
<arg>locator=//button[@type='submit'][contains(.,'Log In')]</arg>
<doc>Verifies button ``locator`` is found from current page.</doc>
<status status="PASS" start="2025-04-23T18:05:47.633000" elapsed="0.037935"/>
</kw>
<status status="PASS" start="2025-04-23T18:05:47.603880" elapsed="0.067179"/>
</kw>
<kw name="Fechar Navegador" owner="keywords" type="TEARDOWN">
<kw name="Capture Page Screenshot" owner="SeleniumLibrary">
<msg time="2025-04-23T18:05:47.991807" level="INFO" html="true">&lt;/td&gt;&lt;/tr&gt;&lt;tr&gt;&lt;td colspan="3"&gt;&lt;a href="selenium-screenshot-7.png"&gt;&lt;img src="selenium-screenshot-7.png" width="800px"&gt;&lt;/a&gt;</msg>
<doc>Takes a screenshot of the current page and embeds it into a log file.</doc>
<status status="PASS" start="2025-04-23T18:05:47.671846" elapsed="0.320075"/>
</kw>
<kw name="Close Browser" owner="SeleniumLibrary">
<doc>Closes the current browser.</doc>
<status status="PASS" start="2025-04-23T18:05:47.992074" elapsed="0.060668"/>
</kw>
<status status="PASS" start="2025-04-23T18:05:47.671423" elapsed="0.381626"/>
</kw>
<status status="PASS" start="2025-04-23T18:05:46.890589" elapsed="1.162716"/>
</test>
<status status="PASS" start="2025-04-23T18:05:35.735467" elapsed="12.319067"/>
</suite>
<suite id="s1-s2" name="002 Dashboard" source="/home/lucasrocha/QW Software/QWControl/Tests/002_dashboard.robot">
<test id="s1-s2-t1" name="Caso de Teste 1 - Acessar Dashboard" line="8">
<kw name="Abrir Navegador" owner="keywords" type="SETUP">
<kw name="Open Browser" owner="SeleniumLibrary">
<msg time="2025-04-23T18:05:48.062315" level="INFO">Opening browser 'headlesschrome' to base url 'http://10.1.1.51:4441/'.</msg>
<arg>${url}</arg>
<arg>headlesschrome</arg>
<doc>Opens a new browser instance to the optional ``url``.</doc>
<status status="PASS" start="2025-04-23T18:05:48.062170" elapsed="0.469631"/>
</kw>
<kw name="Maximize Browser Window" owner="SeleniumLibrary">
<doc>Maximizes current browser window.</doc>
<status status="PASS" start="2025-04-23T18:05:48.531972" elapsed="0.018165"/>
</kw>
<arg>${URL.QW50}</arg>
<status status="PASS" start="2025-04-23T18:05:48.061660" elapsed="0.488594"/>
</kw>
<kw name="Dado que estou logado na aplicação" owner="keywords">
<kw name="Dado que estou na aplicação" owner="keywords">
<kw name="Run Keyword And Return Status" owner="BuiltIn">
<kw name="Element Should Be Visible" owner="SeleniumLibrary">
<msg time="2025-04-23T18:05:48.590322" level="INFO">Element 'xpath=//p[contains(.,'Faça login e comece a usar!')]' is displayed.</msg>
<arg>xpath=//p[contains(.,'Faça login e comece a usar!')]</arg>
<doc>Verifies that the element identified by ``locator`` is visible.</doc>
<status status="PASS" start="2025-04-23T18:05:48.551257" elapsed="0.039274"/>
</kw>
<msg time="2025-04-23T18:05:48.590846" level="INFO">${elemento_visivel} = True</msg>
<var>${elemento_visivel}</var>
<arg>Element Should Be Visible</arg>
<arg>xpath=//p[contains(.,'Faça login e comece a usar!')]</arg>
<doc>Runs the given keyword with given arguments and returns the status as a Boolean value.</doc>
<status status="PASS" start="2025-04-23T18:05:48.551104" elapsed="0.039789"/>
</kw>
<if>
<branch type="IF" condition="'${elemento_visivel}' == 'False'">
<kw name="Click Element" owner="SeleniumLibrary">
<arg>xpath=//a[@class='dropdown-toggle'][contains(.,'English')]</arg>
<doc>Click the element identified by ``locator``.</doc>
<status status="NOT RUN" start="2025-04-23T18:05:48.591494" elapsed="0.000051"/>
</kw>
<kw name="Click Element" owner="SeleniumLibrary">
<arg>xpath=//a[contains(.,'Português')]</arg>
<doc>Click the element identified by ``locator``.</doc>
<status status="NOT RUN" start="2025-04-23T18:05:48.591681" elapsed="0.000036"/>
</kw>
<kw name="Element Should Be Visible" owner="SeleniumLibrary">
<arg>xpath=//p[contains(.,'Faça login e comece a usar!')]</arg>
<doc>Verifies that the element identified by ``locator`` is visible.</doc>
<status status="NOT RUN" start="2025-04-23T18:05:48.591845" elapsed="0.000035"/>
</kw>
<status status="NOT RUN" start="2025-04-23T18:05:48.591112" elapsed="0.000823"/>
</branch>
<status status="PASS" start="2025-04-23T18:05:48.591055" elapsed="0.000942"/>
</if>
<status status="PASS" start="2025-04-23T18:05:48.550880" elapsed="0.041210"/>
</kw>
<kw name="Quando realizo o login" owner="keywords">
<kw name="Input Text" owner="SeleniumLibrary">
<msg time="2025-04-23T18:05:48.593570" level="INFO">Typing text 'lucas.rocha' into text field '//input[contains(@type,'text')]'.</msg>
<arg>locator=//input[contains(@type,'text')]</arg>
<arg>text=${login}</arg>
<doc>Types the given ``text`` into the text field identified by ``locator``.</doc>
<status status="PASS" start="2025-04-23T18:05:48.593295" elapsed="0.073308"/>
</kw>
<kw name="Input Text" owner="SeleniumLibrary">
<msg time="2025-04-23T18:05:48.667094" level="INFO">Typing text '#Strike0109' into text field '//input[contains(@type,'password')]'.</msg>
<arg>locator=//input[contains(@type,'password')]</arg>
<arg>text=${senha}</arg>
<doc>Types the given ``text`` into the text field identified by ``locator``.</doc>
<status status="PASS" start="2025-04-23T18:05:48.666807" elapsed="0.075100"/>
</kw>
<kw name="Click Button" owner="SeleniumLibrary">
<msg time="2025-04-23T18:05:48.742327" level="INFO">Clicking button '//button[@type='submit'][contains(.,'Entrar')]'.</msg>
<arg>locator=//button[@type='submit'][contains(.,'Entrar')]</arg>
<doc>Clicks the button identified by ``locator``.</doc>
<status status="PASS" start="2025-04-23T18:05:48.742119" elapsed="0.066831"/>
</kw>
<arg>${LOGIN.QW50}</arg>
<arg>${SENHA.QW50}</arg>
<status status="PASS" start="2025-04-23T18:05:48.592292" elapsed="0.216781"/>
</kw>
<kw name="Wait Until Element Is Visible" owner="SeleniumLibrary">
<arg>locator=//a[contains(.,'Projetos')]</arg>
<doc>Waits until the element ``locator`` is visible.</doc>
<status status="PASS" start="2025-04-23T18:05:48.809215" elapsed="0.766430"/>
</kw>
<kw name="Click Element" owner="SeleniumLibrary">
<msg time="2025-04-23T18:05:49.575963" level="INFO">Clicking element '//a[contains(.,'Projetos')]'.</msg>
<arg>locator=//a[contains(.,'Projetos')]</arg>
<doc>Click the element identified by ``locator``.</doc>
<status status="PASS" start="2025-04-23T18:05:49.575799" elapsed="0.085975"/>
</kw>
<kw name="Wait Until Element Is Enabled" owner="SeleniumLibrary">
<arg>locator=//input[contains(@type,'text')]</arg>
<doc>Waits until the element ``locator`` is enabled.</doc>
<status status="PASS" start="2025-04-23T18:05:49.661949" elapsed="0.021209"/>
</kw>
<kw name="Input Text" owner="SeleniumLibrary">
<msg time="2025-04-23T18:05:49.683600" level="INFO">Typing text 'QATestes' into text field '//input[contains(@type,'text')]'.</msg>
<arg>locator=//input[contains(@type,'text')]</arg>
<arg>text=QATestes</arg>
<doc>Types the given ``text`` into the text field identified by ``locator``.</doc>
<status status="PASS" start="2025-04-23T18:05:49.683351" elapsed="0.088557"/>
</kw>
<kw name="Wait Until Element Is Enabled" owner="SeleniumLibrary">
<arg>locator=//span[@class='text-ellipsis'][contains(.,'QATestes QaTestesFuncionais')]</arg>
<doc>Waits until the element ``locator`` is enabled.</doc>
<status status="PASS" start="2025-04-23T18:05:49.772106" elapsed="0.024686"/>
</kw>
<kw name="Click Element" owner="SeleniumLibrary">
<msg time="2025-04-23T18:05:49.797134" level="INFO">Clicking element '//span[@class='text-ellipsis'][contains(.,'QATestes QaTestesFuncionais')]'.</msg>
<arg>locator=//span[@class='text-ellipsis'][contains(.,'QATestes QaTestesFuncionais')]</arg>
<doc>Click the element identified by ``locator``.</doc>
<status status="PASS" start="2025-04-23T18:05:49.796958" elapsed="0.355593"/>
</kw>
<status status="PASS" start="2025-04-23T18:05:48.550533" elapsed="1.602185"/>
</kw>
<kw name="Quando clico na aba Dashboard" owner="keywords">
<kw name="Wait Until Element Is Visible" owner="SeleniumLibrary">
<arg>locator=//i[contains(@class,'vsm--icon fas fa-tachometer-alt fa-lg')]</arg>
<doc>Waits until the element ``locator`` is visible.</doc>
<status status="PASS" start="2025-04-23T18:05:50.153302" elapsed="0.026540"/>
</kw>
<kw name="Click Element" owner="SeleniumLibrary">
<msg time="2025-04-23T18:05:50.180281" level="INFO">Clicking element '//i[contains(@class,'vsm--icon fas fa-tachometer-alt fa-lg')]'.</msg>
<arg>locator=//i[contains(@class,'vsm--icon fas fa-tachometer-alt fa-lg')]</arg>
<doc>Click the element identified by ``locator``.</doc>
<status status="PASS" start="2025-04-23T18:05:50.180055" elapsed="0.227967"/>
</kw>
<status status="PASS" start="2025-04-23T18:05:50.152992" elapsed="0.255264"/>
</kw>
<kw name="Então devo visualizar o painel do Dashboard" owner="keywords">
<kw name="Wait Until Element Is Visible" owner="SeleniumLibrary">
<arg>locator=//span[@class='text-h3'][contains(.,'Dashboard')]</arg>
<doc>Waits until the element ``locator`` is visible.</doc>
<status status="PASS" start="2025-04-23T18:05:50.408968" elapsed="0.027290"/>
</kw>
<status status="PASS" start="2025-04-23T18:05:50.408587" elapsed="0.027850"/>
</kw>
<kw name="Fechar Navegador" owner="keywords" type="TEARDOWN">
<kw name="Capture Page Screenshot" owner="SeleniumLibrary">
<msg time="2025-04-23T18:05:50.563885" level="INFO" html="true">&lt;/td&gt;&lt;/tr&gt;&lt;tr&gt;&lt;td colspan="3"&gt;&lt;a href="selenium-screenshot-8.png"&gt;&lt;img src="selenium-screenshot-8.png" width="800px"&gt;&lt;/a&gt;</msg>
<doc>Takes a screenshot of the current page and embeds it into a log file.</doc>
<status status="PASS" start="2025-04-23T18:05:50.437211" elapsed="0.126779"/>
</kw>
<kw name="Close Browser" owner="SeleniumLibrary">
<doc>Closes the current browser.</doc>
<status status="PASS" start="2025-04-23T18:05:50.564156" elapsed="0.062822"/>
</kw>
<status status="PASS" start="2025-04-23T18:05:50.436858" elapsed="0.190372"/>
</kw>
<status status="PASS" start="2025-04-23T18:05:48.061297" elapsed="2.566159"/>
</test>
<status status="PASS" start="2025-04-23T18:05:48.055976" elapsed="2.572279"/>
</suite>
<suite id="s1-s3" name="003 Jobs" source="/home/lucasrocha/QW Software/QWControl/Tests/003_jobs.robot">
<test id="s1-s3-t1" name="CT-J01 - Acessar tela de jobs" line="8">
<kw name="Abrir Navegador" owner="keywords" type="SETUP">
<kw name="Open Browser" owner="SeleniumLibrary">
<msg time="2025-04-23T18:05:50.637160" level="INFO">Opening browser 'headlesschrome' to base url 'http://10.1.1.51:4441/'.</msg>
<arg>${url}</arg>
<arg>headlesschrome</arg>
<doc>Opens a new browser instance to the optional ``url``.</doc>
<status status="PASS" start="2025-04-23T18:05:50.636904" elapsed="0.484693"/>
</kw>
<kw name="Maximize Browser Window" owner="SeleniumLibrary">
<doc>Maximizes current browser window.</doc>
<status status="PASS" start="2025-04-23T18:05:51.121825" elapsed="0.032105"/>
</kw>
<arg>${URL.QW50}</arg>
<status status="PASS" start="2025-04-23T18:05:50.636035" elapsed="0.518099"/>
</kw>
<kw name="Dado que estou logado na aplicação" owner="keywords">
<kw name="Dado que estou na aplicação" owner="keywords">
<kw name="Run Keyword And Return Status" owner="BuiltIn">
<kw name="Element Should Be Visible" owner="SeleniumLibrary">
<msg time="2025-04-23T18:05:51.185654" level="INFO">Element 'xpath=//p[contains(.,'Faça login e comece a usar!')]' is displayed.</msg>
<arg>xpath=//p[contains(.,'Faça login e comece a usar!')]</arg>
<doc>Verifies that the element identified by ``locator`` is visible.</doc>
<status status="PASS" start="2025-04-23T18:05:51.156137" elapsed="0.029669"/>
</kw>
<msg time="2025-04-23T18:05:51.185986" level="INFO">${elemento_visivel} = True</msg>
<var>${elemento_visivel}</var>
<arg>Element Should Be Visible</arg>
<arg>xpath=//p[contains(.,'Faça login e comece a usar!')]</arg>
<doc>Runs the given keyword with given arguments and returns the status as a Boolean value.</doc>
<status status="PASS" start="2025-04-23T18:05:51.155858" elapsed="0.030165"/>
</kw>
<if>
<branch type="IF" condition="'${elemento_visivel}' == 'False'">
<kw name="Click Element" owner="SeleniumLibrary">
<arg>xpath=//a[@class='dropdown-toggle'][contains(.,'English')]</arg>
<doc>Click the element identified by ``locator``.</doc>
<status status="NOT RUN" start="2025-04-23T18:05:51.186449" elapsed="0.000039"/>
</kw>
<kw name="Click Element" owner="SeleniumLibrary">
<arg>xpath=//a[contains(.,'Português')]</arg>
<doc>Click the element identified by ``locator``.</doc>
<status status="NOT RUN" start="2025-04-23T18:05:51.186628" elapsed="0.000038"/>
</kw>
<kw name="Element Should Be Visible" owner="SeleniumLibrary">
<arg>xpath=//p[contains(.,'Faça login e comece a usar!')]</arg>
<doc>Verifies that the element identified by ``locator`` is visible.</doc>
<status status="NOT RUN" start="2025-04-23T18:05:51.186792" elapsed="0.000032"/>
</kw>
<status status="NOT RUN" start="2025-04-23T18:05:51.186170" elapsed="0.000703"/>
</branch>
<status status="PASS" start="2025-04-23T18:05:51.186129" elapsed="0.000791"/>
</if>
<status status="PASS" start="2025-04-23T18:05:51.155373" elapsed="0.031618"/>
</kw>
<kw name="Quando realizo o login" owner="keywords">
<kw name="Input Text" owner="SeleniumLibrary">
<msg time="2025-04-23T18:05:51.188246" level="INFO">Typing text 'lucas.rocha' into text field '//input[contains(@type,'text')]'.</msg>
<arg>locator=//input[contains(@type,'text')]</arg>
<arg>text=${login}</arg>
<doc>Types the given ``text`` into the text field identified by ``locator``.</doc>
<status status="PASS" start="2025-04-23T18:05:51.188042" elapsed="0.076861"/>
</kw>
<kw name="Input Text" owner="SeleniumLibrary">
<msg time="2025-04-23T18:05:51.265424" level="INFO">Typing text '#Strike0109' into text field '//input[contains(@type,'password')]'.</msg>
<arg>locator=//input[contains(@type,'password')]</arg>
<arg>text=${senha}</arg>
<doc>Types the given ``text`` into the text field identified by ``locator``.</doc>
<status status="PASS" start="2025-04-23T18:05:51.265140" elapsed="0.084529"/>
</kw>
<kw name="Click Button" owner="SeleniumLibrary">
<msg time="2025-04-23T18:05:51.349994" level="INFO">Clicking button '//button[@type='submit'][contains(.,'Entrar')]'.</msg>
<arg>locator=//button[@type='submit'][contains(.,'Entrar')]</arg>
<doc>Clicks the button identified by ``locator``.</doc>
<status status="PASS" start="2025-04-23T18:05:51.349835" elapsed="0.138831"/>
</kw>
<arg>${LOGIN.QW50}</arg>
<arg>${SENHA.QW50}</arg>
<status status="PASS" start="2025-04-23T18:05:51.187210" elapsed="0.301587"/>
</kw>
<kw name="Wait Until Element Is Visible" owner="SeleniumLibrary">
<arg>locator=//a[contains(.,'Projetos')]</arg>
<doc>Waits until the element ``locator`` is visible.</doc>
<status status="PASS" start="2025-04-23T18:05:51.488956" elapsed="0.665799"/>
</kw>
<kw name="Click Element" owner="SeleniumLibrary">
<msg time="2025-04-23T18:05:52.155310" level="INFO">Clicking element '//a[contains(.,'Projetos')]'.</msg>
<arg>locator=//a[contains(.,'Projetos')]</arg>
<doc>Click the element identified by ``locator``.</doc>
<status status="PASS" start="2025-04-23T18:05:52.155032" elapsed="0.092158"/>
</kw>
<kw name="Wait Until Element Is Enabled" owner="SeleniumLibrary">
<arg>locator=//input[contains(@type,'text')]</arg>
<doc>Waits until the element ``locator`` is enabled.</doc>
<status status="PASS" start="2025-04-23T18:05:52.247326" elapsed="0.025162"/>
</kw>
<kw name="Input Text" owner="SeleniumLibrary">
<msg time="2025-04-23T18:05:52.272853" level="INFO">Typing text 'QATestes' into text field '//input[contains(@type,'text')]'.</msg>
<arg>locator=//input[contains(@type,'text')]</arg>
<arg>text=QATestes</arg>
<doc>Types the given ``text`` into the text field identified by ``locator``.</doc>
<status status="PASS" start="2025-04-23T18:05:52.272662" elapsed="0.066326"/>
</kw>
<kw name="Wait Until Element Is Enabled" owner="SeleniumLibrary">
<arg>locator=//span[@class='text-ellipsis'][contains(.,'QATestes QaTestesFuncionais')]</arg>
<doc>Waits until the element ``locator`` is enabled.</doc>
<status status="PASS" start="2025-04-23T18:05:52.339292" elapsed="0.018328"/>
</kw>
<kw name="Click Element" owner="SeleniumLibrary">
<msg time="2025-04-23T18:05:52.357978" level="INFO">Clicking element '//span[@class='text-ellipsis'][contains(.,'QATestes QaTestesFuncionais')]'.</msg>
<arg>locator=//span[@class='text-ellipsis'][contains(.,'QATestes QaTestesFuncionais')]</arg>
<doc>Click the element identified by ``locator``.</doc>
<status status="PASS" start="2025-04-23T18:05:52.357796" elapsed="0.337885"/>
</kw>
<status status="PASS" start="2025-04-23T18:05:51.154646" elapsed="1.541182"/>
</kw>
<kw name="Quando clico na aba jobs" owner="keywords">
<kw name="Wait Until Element Is Visible" owner="SeleniumLibrary">
<arg>locator=//i[contains(@class,'vsm--icon fas fa-list-ol fa-lg')]</arg>
<doc>Waits until the element ``locator`` is visible.</doc>
<status status="PASS" start="2025-04-23T18:05:52.696444" elapsed="0.023285"/>
</kw>
<kw name="Click Element" owner="SeleniumLibrary">
<msg time="2025-04-23T18:05:52.720118" level="INFO">Clicking element '//i[contains(@class,'vsm--icon fas fa-list-ol fa-lg')]'.</msg>
<arg>locator=//i[contains(@class,'vsm--icon fas fa-list-ol fa-lg')]</arg>
<doc>Click the element identified by ``locator``.</doc>
<status status="PASS" start="2025-04-23T18:05:52.719923" elapsed="0.672038"/>
</kw>
<status status="PASS" start="2025-04-23T18:05:52.696103" elapsed="0.695981"/>
</kw>
<kw name="Então devo visualiza a tela de jobs" owner="keywords">
<kw name="Wait Until Element Is Visible" owner="SeleniumLibrary">
<arg>locator=//a[@class='link-quiet'][contains(.,'Todos os Jobs')]</arg>
<doc>Waits until the element ``locator`` is visible.</doc>
<status status="PASS" start="2025-04-23T18:05:53.392668" elapsed="0.236399"/>
</kw>
<status status="PASS" start="2025-04-23T18:05:53.392328" elapsed="0.236868"/>
</kw>
<kw name="Fechar Navegador" owner="keywords" type="TEARDOWN">
<kw name="Capture Page Screenshot" owner="SeleniumLibrary">
<msg time="2025-04-23T18:05:53.770554" level="INFO" html="true">&lt;/td&gt;&lt;/tr&gt;&lt;tr&gt;&lt;td colspan="3"&gt;&lt;a href="selenium-screenshot-9.png"&gt;&lt;img src="selenium-screenshot-9.png" width="800px"&gt;&lt;/a&gt;</msg>
<doc>Takes a screenshot of the current page and embeds it into a log file.</doc>
<status status="PASS" start="2025-04-23T18:05:53.629904" elapsed="0.140782"/>
</kw>
<kw name="Close Browser" owner="SeleniumLibrary">
<doc>Closes the current browser.</doc>
<status status="PASS" start="2025-04-23T18:05:53.770949" elapsed="0.057260"/>
</kw>
<status status="PASS" start="2025-04-23T18:05:53.629554" elapsed="0.198774"/>
</kw>
<status status="PASS" start="2025-04-23T18:05:50.635260" elapsed="3.193167"/>
</test>
<test id="s1-s3-t2" name="CT-J02 - Digitar parte do nome no campo de busca" line="13">
<kw name="Abrir Navegador" owner="keywords" type="SETUP">
<kw name="Open Browser" owner="SeleniumLibrary">
<msg time="2025-04-23T18:05:53.829723" level="INFO">Opening browser 'headlesschrome' to base url 'http://10.1.1.51:4441/'.</msg>
<arg>${url}</arg>
<arg>headlesschrome</arg>
<doc>Opens a new browser instance to the optional ``url``.</doc>
<status status="PASS" start="2025-04-23T18:05:53.829555" elapsed="0.501568"/>
</kw>
<kw name="Maximize Browser Window" owner="SeleniumLibrary">
<doc>Maximizes current browser window.</doc>
<status status="PASS" start="2025-04-23T18:05:54.331323" elapsed="0.016426"/>
</kw>
<arg>${URL.QW50}</arg>
<status status="PASS" start="2025-04-23T18:05:53.829010" elapsed="0.518995"/>
</kw>
<kw name="Dado que estou logado na aplicação" owner="keywords">
<kw name="Dado que estou na aplicação" owner="keywords">
<kw name="Run Keyword And Return Status" owner="BuiltIn">
<kw name="Element Should Be Visible" owner="SeleniumLibrary">
<msg time="2025-04-23T18:05:54.386344" level="INFO">Element 'xpath=//p[contains(.,'Faça login e comece a usar!')]' is displayed.</msg>
<arg>xpath=//p[contains(.,'Faça login e comece a usar!')]</arg>
<doc>Verifies that the element identified by ``locator`` is visible.</doc>
<status status="PASS" start="2025-04-23T18:05:54.350331" elapsed="0.036135"/>
</kw>
<msg time="2025-04-23T18:05:54.386616" level="INFO">${elemento_visivel} = True</msg>
<var>${elemento_visivel}</var>
<arg>Element Should Be Visible</arg>
<arg>xpath=//p[contains(.,'Faça login e comece a usar!')]</arg>
<doc>Runs the given keyword with given arguments and returns the status as a Boolean value.</doc>
<status status="PASS" start="2025-04-23T18:05:54.350008" elapsed="0.036636"/>
</kw>
<if>
<branch type="IF" condition="'${elemento_visivel}' == 'False'">
<kw name="Click Element" owner="SeleniumLibrary">
<arg>xpath=//a[@class='dropdown-toggle'][contains(.,'English')]</arg>
<doc>Click the element identified by ``locator``.</doc>
<status status="NOT RUN" start="2025-04-23T18:05:54.386978" elapsed="0.000032"/>
</kw>
<kw name="Click Element" owner="SeleniumLibrary">
<arg>xpath=//a[contains(.,'Português')]</arg>
<doc>Click the element identified by ``locator``.</doc>
<status status="NOT RUN" start="2025-04-23T18:05:54.387108" elapsed="0.000026"/>
</kw>
<kw name="Element Should Be Visible" owner="SeleniumLibrary">
<arg>xpath=//p[contains(.,'Faça login e comece a usar!')]</arg>
<doc>Verifies that the element identified by ``locator`` is visible.</doc>
<status status="NOT RUN" start="2025-04-23T18:05:54.387217" elapsed="0.000024"/>
</kw>
<status status="NOT RUN" start="2025-04-23T18:05:54.386747" elapsed="0.000532"/>
</branch>
<status status="PASS" start="2025-04-23T18:05:54.386720" elapsed="0.000597"/>
</if>
<status status="PASS" start="2025-04-23T18:05:54.349541" elapsed="0.037841"/>
</kw>
<kw name="Quando realizo o login" owner="keywords">
<kw name="Input Text" owner="SeleniumLibrary">
<msg time="2025-04-23T18:05:54.388477" level="INFO">Typing text 'lucas.rocha' into text field '//input[contains(@type,'text')]'.</msg>
<arg>locator=//input[contains(@type,'text')]</arg>
<arg>text=${login}</arg>
<doc>Types the given ``text`` into the text field identified by ``locator``.</doc>
<status status="PASS" start="2025-04-23T18:05:54.388270" elapsed="0.073849"/>
</kw>
<kw name="Input Text" owner="SeleniumLibrary">
<msg time="2025-04-23T18:05:54.462654" level="INFO">Typing text '#Strike0109' into text field '//input[contains(@type,'password')]'.</msg>
<arg>locator=//input[contains(@type,'password')]</arg>
<arg>text=${senha}</arg>
<doc>Types the given ``text`` into the text field identified by ``locator``.</doc>
<status status="PASS" start="2025-04-23T18:05:54.462322" elapsed="0.059280"/>
</kw>
<kw name="Click Button" owner="SeleniumLibrary">
<msg time="2025-04-23T18:05:54.522005" level="INFO">Clicking button '//button[@type='submit'][contains(.,'Entrar')]'.</msg>
<arg>locator=//button[@type='submit'][contains(.,'Entrar')]</arg>
<doc>Clicks the button identified by ``locator``.</doc>
<status status="PASS" start="2025-04-23T18:05:54.521817" elapsed="0.122981"/>
</kw>
<arg>${LOGIN.QW50}</arg>
<arg>${SENHA.QW50}</arg>
<status status="PASS" start="2025-04-23T18:05:54.387520" elapsed="0.257472"/>
</kw>
<kw name="Wait Until Element Is Visible" owner="SeleniumLibrary">
<arg>locator=//a[contains(.,'Projetos')]</arg>
<doc>Waits until the element ``locator`` is visible.</doc>
<status status="PASS" start="2025-04-23T18:05:54.645213" elapsed="0.711353"/>
</kw>
<kw name="Click Element" owner="SeleniumLibrary">
<msg time="2025-04-23T18:05:55.356952" level="INFO">Clicking element '//a[contains(.,'Projetos')]'.</msg>
<arg>locator=//a[contains(.,'Projetos')]</arg>
<doc>Click the element identified by ``locator``.</doc>
<status status="PASS" start="2025-04-23T18:05:55.356756" elapsed="0.053618"/>
</kw>
<kw name="Wait Until Element Is Enabled" owner="SeleniumLibrary">
<arg>locator=//input[contains(@type,'text')]</arg>
<doc>Waits until the element ``locator`` is enabled.</doc>
<status status="PASS" start="2025-04-23T18:05:55.410560" elapsed="0.018819"/>
</kw>
<kw name="Input Text" owner="SeleniumLibrary">
<msg time="2025-04-23T18:05:55.429792" level="INFO">Typing text 'QATestes' into text field '//input[contains(@type,'text')]'.</msg>
<arg>locator=//input[contains(@type,'text')]</arg>
<arg>text=QATestes</arg>
<doc>Types the given ``text`` into the text field identified by ``locator``.</doc>
<status status="PASS" start="2025-04-23T18:05:55.429590" elapsed="0.061400"/>
</kw>
<kw name="Wait Until Element Is Enabled" owner="SeleniumLibrary">
<arg>locator=//span[@class='text-ellipsis'][contains(.,'QATestes QaTestesFuncionais')]</arg>
<doc>Waits until the element ``locator`` is enabled.</doc>
<status status="PASS" start="2025-04-23T18:05:55.491239" elapsed="0.022530"/>
</kw>
<kw name="Click Element" owner="SeleniumLibrary">
<msg time="2025-04-23T18:05:55.514135" level="INFO">Clicking element '//span[@class='text-ellipsis'][contains(.,'QATestes QaTestesFuncionais')]'.</msg>
<arg>locator=//span[@class='text-ellipsis'][contains(.,'QATestes QaTestesFuncionais')]</arg>
<doc>Click the element identified by ``locator``.</doc>
<status status="PASS" start="2025-04-23T18:05:55.513951" elapsed="0.343659"/>
</kw>
<status status="PASS" start="2025-04-23T18:05:54.348757" elapsed="1.508987"/>
</kw>
<kw name="Quando clico na aba jobs e vizualizo a tela de jobs" owner="keywords">
<kw name="Wait Until Element Is Visible" owner="SeleniumLibrary">
<arg>locator=//i[contains(@class,'vsm--icon fas fa-list-ol fa-lg')]</arg>
<doc>Waits until the element ``locator`` is visible.</doc>
<status status="PASS" start="2025-04-23T18:05:55.858285" elapsed="0.027562"/>
</kw>
<kw name="Click Element" owner="SeleniumLibrary">
<msg time="2025-04-23T18:05:55.886146" level="INFO">Clicking element '//i[contains(@class,'vsm--icon fas fa-list-ol fa-lg')]'.</msg>
<arg>locator=//i[contains(@class,'vsm--icon fas fa-list-ol fa-lg')]</arg>
<doc>Click the element identified by ``locator``.</doc>
<status status="PASS" start="2025-04-23T18:05:55.885995" elapsed="0.685815"/>
</kw>
<kw name="Wait Until Element Is Visible" owner="SeleniumLibrary">
<arg>locator=//a[@class='link-quiet'][contains(.,'Todos os Jobs')]</arg>
<doc>Waits until the element ``locator`` is visible.</doc>
<status status="PASS" start="2025-04-23T18:05:56.572035" elapsed="0.237101"/>
</kw>
<status status="PASS" start="2025-04-23T18:05:55.857997" elapsed="0.951260"/>
</kw>
<kw name="E digito parte do nome no campo de busca e clico em buscar" owner="keywords">
<kw name="Input Text" owner="SeleniumLibrary">
<msg time="2025-04-23T18:05:56.809974" level="INFO">Typing text 'fluxo' into text field '//input[contains(@type,'search')]'.</msg>
<arg>locator=//input[contains(@type,'search')]</arg>
<arg>text=fluxo</arg>
<doc>Types the given ``text`` into the text field identified by ``locator``.</doc>
<status status="PASS" start="2025-04-23T18:05:56.809797" elapsed="0.078300"/>
</kw>
<kw name="Click Element" owner="SeleniumLibrary">
<msg time="2025-04-23T18:05:56.888520" level="INFO">Clicking element '//input[contains(@name,'Search')]'.</msg>
<arg>locator=//input[contains(@name,'Search')]</arg>
<doc>Click the element identified by ``locator``.</doc>
<status status="PASS" start="2025-04-23T18:05:56.888302" elapsed="0.070040"/>
</kw>
<status status="PASS" start="2025-04-23T18:05:56.809494" elapsed="0.148985"/>
</kw>
<kw name="Então devo vizualizar o texto de busca" owner="keywords">
<kw name="Wait Until Element Is Visible" owner="SeleniumLibrary">
<arg>locator=//span[@class='text-secondary'][contains(.,'Nome do Job:')]</arg>
<doc>Waits until the element ``locator`` is visible.</doc>
<status status="PASS" start="2025-04-23T18:05:56.958968" elapsed="0.627604"/>
</kw>
<status status="PASS" start="2025-04-23T18:05:56.958693" elapsed="0.628081"/>
</kw>
<kw name="Fechar Navegador" owner="keywords" type="TEARDOWN">
<kw name="Capture Page Screenshot" owner="SeleniumLibrary">
<msg time="2025-04-23T18:05:57.688042" level="INFO" html="true">&lt;/td&gt;&lt;/tr&gt;&lt;tr&gt;&lt;td colspan="3"&gt;&lt;a href="selenium-screenshot-10.png"&gt;&lt;img src="selenium-screenshot-10.png" width="800px"&gt;&lt;/a&gt;</msg>
<doc>Takes a screenshot of the current page and embeds it into a log file.</doc>
<status status="PASS" start="2025-04-23T18:05:57.587751" elapsed="0.100372"/>
</kw>
<kw name="Close Browser" owner="SeleniumLibrary">
<doc>Closes the current browser.</doc>
<status status="PASS" start="2025-04-23T18:05:57.688232" elapsed="0.059631"/>
</kw>
<status status="PASS" start="2025-04-23T18:05:57.587252" elapsed="0.160892"/>
</kw>
<status status="PASS" start="2025-04-23T18:05:53.828674" elapsed="3.919703"/>
</test>
<test id="s1-s3-t3" name="CT-J03 - Clicar no botão &quot;Executar&quot; do Job" line="19">
<kw name="Abrir Navegador" owner="keywords" type="SETUP">
<kw name="Open Browser" owner="SeleniumLibrary">
<msg time="2025-04-23T18:05:57.752070" level="INFO">Opening browser 'headlesschrome' to base url 'http://10.1.1.51:4441/'.</msg>
<arg>${url}</arg>
<arg>headlesschrome</arg>
<doc>Opens a new browser instance to the optional ``url``.</doc>
<status status="PASS" start="2025-04-23T18:05:57.751626" elapsed="0.501292"/>
</kw>
<kw name="Maximize Browser Window" owner="SeleniumLibrary">
<doc>Maximizes current browser window.</doc>
<status status="PASS" start="2025-04-23T18:05:58.253146" elapsed="0.018992"/>
</kw>
<arg>${URL.QW50}</arg>
<status status="PASS" start="2025-04-23T18:05:57.750109" elapsed="0.522164"/>
</kw>
<kw name="Dado que estou logado na aplicação" owner="keywords">
<kw name="Dado que estou na aplicação" owner="keywords">
<kw name="Run Keyword And Return Status" owner="BuiltIn">
<kw name="Element Should Be Visible" owner="SeleniumLibrary">
<msg time="2025-04-23T18:05:58.303009" level="INFO">Element 'xpath=//p[contains(.,'Faça login e comece a usar!')]' is displayed.</msg>
<arg>xpath=//p[contains(.,'Faça login e comece a usar!')]</arg>
<doc>Verifies that the element identified by ``locator`` is visible.</doc>
<status status="PASS" start="2025-04-23T18:05:58.273474" elapsed="0.029645"/>
</kw>
<msg time="2025-04-23T18:05:58.303307" level="INFO">${elemento_visivel} = True</msg>
<var>${elemento_visivel}</var>
<arg>Element Should Be Visible</arg>
<arg>xpath=//p[contains(.,'Faça login e comece a usar!')]</arg>
<doc>Runs the given keyword with given arguments and returns the status as a Boolean value.</doc>
<status status="PASS" start="2025-04-23T18:05:58.273293" elapsed="0.030054"/>
</kw>
<if>
<branch type="IF" condition="'${elemento_visivel}' == 'False'">
<kw name="Click Element" owner="SeleniumLibrary">
<arg>xpath=//a[@class='dropdown-toggle'][contains(.,'English')]</arg>
<doc>Click the element identified by ``locator``.</doc>
<status status="NOT RUN" start="2025-04-23T18:05:58.303816" elapsed="0.000047"/>
</kw>
<kw name="Click Element" owner="SeleniumLibrary">
<arg>xpath=//a[contains(.,'Português')]</arg>
<doc>Click the element identified by ``locator``.</doc>
<status status="NOT RUN" start="2025-04-23T18:05:58.304005" elapsed="0.000038"/>
</kw>
<kw name="Element Should Be Visible" owner="SeleniumLibrary">
<arg>xpath=//p[contains(.,'Faça login e comece a usar!')]</arg>
<doc>Verifies that the element identified by ``locator`` is visible.</doc>
<status status="NOT RUN" start="2025-04-23T18:05:58.304173" elapsed="0.000039"/>
</kw>
<status status="NOT RUN" start="2025-04-23T18:05:58.303512" elapsed="0.000757"/>
</branch>
<status status="PASS" start="2025-04-23T18:05:58.303475" elapsed="0.000853"/>
</if>
<status status="PASS" start="2025-04-23T18:05:58.273051" elapsed="0.031385"/>
</kw>
<kw name="Quando realizo o login" owner="keywords">
<kw name="Input Text" owner="SeleniumLibrary">
<msg time="2025-04-23T18:05:58.305905" level="INFO">Typing text 'lucas.rocha' into text field '//input[contains(@type,'text')]'.</msg>
<arg>locator=//input[contains(@type,'text')]</arg>
<arg>text=${login}</arg>
<doc>Types the given ``text`` into the text field identified by ``locator``.</doc>
<status status="PASS" start="2025-04-23T18:05:58.305641" elapsed="0.064489"/>
</kw>
<kw name="Input Text" owner="SeleniumLibrary">
<msg time="2025-04-23T18:05:58.370578" level="INFO">Typing text '#Strike0109' into text field '//input[contains(@type,'password')]'.</msg>
<arg>locator=//input[contains(@type,'password')]</arg>
<arg>text=${senha}</arg>
<doc>Types the given ``text`` into the text field identified by ``locator``.</doc>
<status status="PASS" start="2025-04-23T18:05:58.370311" elapsed="0.089319"/>
</kw>
<kw name="Click Button" owner="SeleniumLibrary">
<msg time="2025-04-23T18:05:58.460073" level="INFO">Clicking button '//button[@type='submit'][contains(.,'Entrar')]'.</msg>
<arg>locator=//button[@type='submit'][contains(.,'Entrar')]</arg>
<doc>Clicks the button identified by ``locator``.</doc>
<status status="PASS" start="2025-04-23T18:05:58.459847" elapsed="0.175506"/>
</kw>
<arg>${LOGIN.QW50}</arg>
<arg>${SENHA.QW50}</arg>
<status status="PASS" start="2025-04-23T18:05:58.304662" elapsed="0.330852"/>
</kw>
<kw name="Wait Until Element Is Visible" owner="SeleniumLibrary">
<arg>locator=//a[contains(.,'Projetos')]</arg>
<doc>Waits until the element ``locator`` is visible.</doc>
<status status="PASS" start="2025-04-23T18:05:58.635692" elapsed="0.717191"/>
</kw>
<kw name="Click Element" owner="SeleniumLibrary">
<msg time="2025-04-23T18:05:59.353398" level="INFO">Clicking element '//a[contains(.,'Projetos')]'.</msg>
<arg>locator=//a[contains(.,'Projetos')]</arg>
<doc>Click the element identified by ``locator``.</doc>
<status status="PASS" start="2025-04-23T18:05:59.353135" elapsed="0.059554"/>
</kw>
<kw name="Wait Until Element Is Enabled" owner="SeleniumLibrary">
<arg>locator=//input[contains(@type,'text')]</arg>
<doc>Waits until the element ``locator`` is enabled.</doc>
<status status="PASS" start="2025-04-23T18:05:59.412897" elapsed="0.020865"/>
</kw>
<kw name="Input Text" owner="SeleniumLibrary">
<msg time="2025-04-23T18:05:59.434042" level="INFO">Typing text 'QATestes' into text field '//input[contains(@type,'text')]'.</msg>
<arg>locator=//input[contains(@type,'text')]</arg>
<arg>text=QATestes</arg>
<doc>Types the given ``text`` into the text field identified by ``locator``.</doc>
<status status="PASS" start="2025-04-23T18:05:59.433898" elapsed="0.080117"/>
</kw>
<kw name="Wait Until Element Is Enabled" owner="SeleniumLibrary">
<arg>locator=//span[@class='text-ellipsis'][contains(.,'QATestes QaTestesFuncionais')]</arg>
<doc>Waits until the element ``locator`` is enabled.</doc>
<status status="PASS" start="2025-04-23T18:05:59.514248" elapsed="0.022569"/>
</kw>
<kw name="Click Element" owner="SeleniumLibrary">
<msg time="2025-04-23T18:05:59.537218" level="INFO">Clicking element '//span[@class='text-ellipsis'][contains(.,'QATestes QaTestesFuncionais')]'.</msg>
<arg>locator=//span[@class='text-ellipsis'][contains(.,'QATestes QaTestesFuncionais')]</arg>
<doc>Click the element identified by ``locator``.</doc>
<status status="PASS" start="2025-04-23T18:05:59.537013" elapsed="0.359272"/>
</kw>
<status status="PASS" start="2025-04-23T18:05:58.272623" elapsed="1.623903"/>
</kw>
<kw name="E clico na aba jobs" owner="keywords">
<kw name="Quando clico na aba jobs" owner="keywords">
<kw name="Wait Until Element Is Visible" owner="SeleniumLibrary">
<arg>locator=//i[contains(@class,'vsm--icon fas fa-list-ol fa-lg')]</arg>
<doc>Waits until the element ``locator`` is visible.</doc>
<status status="PASS" start="2025-04-23T18:05:59.897390" elapsed="0.027335"/>
</kw>
<kw name="Click Element" owner="SeleniumLibrary">
<msg time="2025-04-23T18:05:59.925059" level="INFO">Clicking element '//i[contains(@class,'vsm--icon fas fa-list-ol fa-lg')]'.</msg>
<arg>locator=//i[contains(@class,'vsm--icon fas fa-list-ol fa-lg')]</arg>
<doc>Click the element identified by ``locator``.</doc>
<status status="PASS" start="2025-04-23T18:05:59.924897" elapsed="0.680887"/>
</kw>
<status status="PASS" start="2025-04-23T18:05:59.897135" elapsed="0.708772"/>
</kw>
<status status="PASS" start="2025-04-23T18:05:59.896808" elapsed="0.709162"/>
</kw>
<kw name="Fechar Navegador" owner="keywords" type="TEARDOWN">
<kw name="Capture Page Screenshot" owner="SeleniumLibrary">
<msg time="2025-04-23T18:06:00.857321" level="INFO" html="true">&lt;/td&gt;&lt;/tr&gt;&lt;tr&gt;&lt;td colspan="3"&gt;&lt;a href="selenium-screenshot-11.png"&gt;&lt;img src="selenium-screenshot-11.png" width="800px"&gt;&lt;/a&gt;</msg>
<doc>Takes a screenshot of the current page and embeds it into a log file.</doc>
<status status="PASS" start="2025-04-23T18:06:00.606545" elapsed="0.250876"/>
</kw>
<kw name="Close Browser" owner="SeleniumLibrary">
<doc>Closes the current browser.</doc>
<status status="PASS" start="2025-04-23T18:06:00.857559" elapsed="0.056033"/>
</kw>
<status status="PASS" start="2025-04-23T18:06:00.606255" elapsed="0.307521"/>
</kw>
<status status="PASS" start="2025-04-23T18:05:57.749094" elapsed="3.164842"/>
</test>
<test id="s1-s3-t4" name="CT-J02 - Criar um job" line="23">
<kw name="Abrir Navegador" owner="keywords" type="SETUP">
<kw name="Open Browser" owner="SeleniumLibrary">
<msg time="2025-04-23T18:06:00.916167" level="INFO">Opening browser 'headlesschrome' to base url 'http://10.1.1.51:4441/'.</msg>
<arg>${url}</arg>
<arg>headlesschrome</arg>
<doc>Opens a new browser instance to the optional ``url``.</doc>
<status status="PASS" start="2025-04-23T18:06:00.915847" elapsed="0.514245"/>
</kw>
<kw name="Maximize Browser Window" owner="SeleniumLibrary">
<doc>Maximizes current browser window.</doc>
<status status="PASS" start="2025-04-23T18:06:01.430288" elapsed="0.016625"/>
</kw>
<arg>${URL.QW50}</arg>
<status status="PASS" start="2025-04-23T18:06:00.914879" elapsed="0.532156"/>
</kw>
<kw name="Dado que estou logado na aplicação" owner="keywords">
<kw name="Dado que estou na aplicação" owner="keywords">
<kw name="Run Keyword And Return Status" owner="BuiltIn">
<kw name="Element Should Be Visible" owner="SeleniumLibrary">
<msg time="2025-04-23T18:06:01.485069" level="INFO">Element 'xpath=//p[contains(.,'Faça login e comece a usar!')]' is displayed.</msg>
<arg>xpath=//p[contains(.,'Faça login e comece a usar!')]</arg>
<doc>Verifies that the element identified by ``locator`` is visible.</doc>
<status status="PASS" start="2025-04-23T18:06:01.448082" elapsed="0.037083"/>
</kw>
<msg time="2025-04-23T18:06:01.485293" level="INFO">${elemento_visivel} = True</msg>
<var>${elemento_visivel}</var>
<arg>Element Should Be Visible</arg>
<arg>xpath=//p[contains(.,'Faça login e comece a usar!')]</arg>
<doc>Runs the given keyword with given arguments and returns the status as a Boolean value.</doc>
<status status="PASS" start="2025-04-23T18:06:01.447936" elapsed="0.037385"/>
</kw>
<if>
<branch type="IF" condition="'${elemento_visivel}' == 'False'">
<kw name="Click Element" owner="SeleniumLibrary">
<arg>xpath=//a[@class='dropdown-toggle'][contains(.,'English')]</arg>
<doc>Click the element identified by ``locator``.</doc>
<status status="NOT RUN" start="2025-04-23T18:06:01.485693" elapsed="0.000033"/>
</kw>
<kw name="Click Element" owner="SeleniumLibrary">
<arg>xpath=//a[contains(.,'Português')]</arg>
<doc>Click the element identified by ``locator``.</doc>
<status status="NOT RUN" start="2025-04-23T18:06:01.485824" elapsed="0.000025"/>
</kw>
<kw name="Element Should Be Visible" owner="SeleniumLibrary">
<arg>xpath=//p[contains(.,'Faça login e comece a usar!')]</arg>
<doc>Verifies that the element identified by ``locator`` is visible.</doc>
<status status="NOT RUN" start="2025-04-23T18:06:01.485932" elapsed="0.000023"/>
</kw>
<status status="NOT RUN" start="2025-04-23T18:06:01.485427" elapsed="0.000565"/>
</branch>
<status status="PASS" start="2025-04-23T18:06:01.485394" elapsed="0.000637"/>
</if>
<status status="PASS" start="2025-04-23T18:06:01.447720" elapsed="0.038361"/>
</kw>
<kw name="Quando realizo o login" owner="keywords">
<kw name="Input Text" owner="SeleniumLibrary">
<msg time="2025-04-23T18:06:01.487301" level="INFO">Typing text 'lucas.rocha' into text field '//input[contains(@type,'text')]'.</msg>
<arg>locator=//input[contains(@type,'text')]</arg>
<arg>text=${login}</arg>
<doc>Types the given ``text`` into the text field identified by ``locator``.</doc>
<status status="PASS" start="2025-04-23T18:06:01.487065" elapsed="0.065930"/>
</kw>
<kw name="Input Text" owner="SeleniumLibrary">
<msg time="2025-04-23T18:06:01.553440" level="INFO">Typing text '#Strike0109' into text field '//input[contains(@type,'password')]'.</msg>
<arg>locator=//input[contains(@type,'password')]</arg>
<arg>text=${senha}</arg>
<doc>Types the given ``text`` into the text field identified by ``locator``.</doc>
<status status="PASS" start="2025-04-23T18:06:01.553180" elapsed="0.071830"/>
</kw>
<kw name="Click Button" owner="SeleniumLibrary">
<msg time="2025-04-23T18:06:01.625377" level="INFO">Clicking button '//button[@type='submit'][contains(.,'Entrar')]'.</msg>
<arg>locator=//button[@type='submit'][contains(.,'Entrar')]</arg>
<doc>Clicks the button identified by ``locator``.</doc>
[...]
<doc>Takes a screenshot of the current page and embeds it into a log file.</doc>
<status status="PASS" start="2025-04-23T18:06:28.956255" elapsed="0.108753"/>
</kw>
<kw name="Close Browser" owner="SeleniumLibrary">
<doc>Closes the current browser.</doc>
<status status="PASS" start="2025-04-23T18:06:29.065162" elapsed="0.055983"/>
</kw>
<status status="PASS" start="2025-04-23T18:06:28.955794" elapsed="0.165535"/>
</kw>
<status status="PASS" start="2025-04-23T18:06:24.788611" elapsed="4.332878"/>
</test>
<status status="PASS" start="2025-04-23T18:06:14.094055" elapsed="15.027952"/>
</suite>
<suite id="s1-s5" name="005 Calendários" source="/home/lucasrocha/QW Software/QWControl/Tests/005_calendários.robot">
<test id="s1-s5-t1" name="Caso de Teste 01 - Acessar Pagina de Calendarios por Projetos" line="9">
<kw name="Abrir Navegador" owner="keywords" type="SETUP">
<kw name="Open Browser" owner="SeleniumLibrary">
<msg time="2025-04-23T18:06:29.130059" level="INFO">Opening browser 'headlesschrome' to base url 'http://10.1.1.51:4441/'.</msg>
<arg>${url}</arg>
<arg>headlesschrome</arg>
<doc>Opens a new browser instance to the optional ``url``.</doc>
<status status="PASS" start="2025-04-23T18:06:29.129843" elapsed="0.547866"/>
</kw>
<kw name="Maximize Browser Window" owner="SeleniumLibrary">
<doc>Maximizes current browser window.</doc>
<status status="PASS" start="2025-04-23T18:06:29.677966" elapsed="0.021223"/>
</kw>
<arg>${URL.QW50}</arg>
<status status="PASS" start="2025-04-23T18:06:29.129115" elapsed="0.570233"/>
</kw>
<kw name="Dado que estou logado na aplicação" owner="keywords">
<kw name="Dado que estou na aplicação" owner="keywords">
<kw name="Run Keyword And Return Status" owner="BuiltIn">
<kw name="Element Should Be Visible" owner="SeleniumLibrary">
<msg time="2025-04-23T18:06:29.729205" level="INFO">Element 'xpath=//p[contains(.,'Faça login e comece a usar!')]' is displayed.</msg>
<arg>xpath=//p[contains(.,'Faça login e comece a usar!')]</arg>
<doc>Verifies that the element identified by ``locator`` is visible.</doc>
<status status="PASS" start="2025-04-23T18:06:29.700619" elapsed="0.028735"/>
</kw>
<msg time="2025-04-23T18:06:29.729580" level="INFO">${elemento_visivel} = True</msg>
<var>${elemento_visivel}</var>
<arg>Element Should Be Visible</arg>
<arg>xpath=//p[contains(.,'Faça login e comece a usar!')]</arg>
<doc>Runs the given keyword with given arguments and returns the status as a Boolean value.</doc>
<status status="PASS" start="2025-04-23T18:06:29.700402" elapsed="0.029218"/>
</kw>
<if>
<branch type="IF" condition="'${elemento_visivel}' == 'False'">
<kw name="Click Element" owner="SeleniumLibrary">
<arg>xpath=//a[@class='dropdown-toggle'][contains(.,'English')]</arg>
<doc>Click the element identified by ``locator``.</doc>
<status status="NOT RUN" start="2025-04-23T18:06:29.730146" elapsed="0.000057"/>
</kw>
<kw name="Click Element" owner="SeleniumLibrary">
<arg>xpath=//a[contains(.,'Português')]</arg>
<doc>Click the element identified by ``locator``.</doc>
<status status="NOT RUN" start="2025-04-23T18:06:29.730346" elapsed="0.000034"/>
</kw>
<kw name="Element Should Be Visible" owner="SeleniumLibrary">
<arg>xpath=//p[contains(.,'Faça login e comece a usar!')]</arg>
<doc>Verifies that the element identified by ``locator`` is visible.</doc>
<status status="NOT RUN" start="2025-04-23T18:06:29.730556" elapsed="0.000041"/>
</kw>
<status status="NOT RUN" start="2025-04-23T18:06:29.729797" elapsed="0.000860"/>
</branch>
<status status="PASS" start="2025-04-23T18:06:29.729744" elapsed="0.000978"/>
</if>
<status status="PASS" start="2025-04-23T18:06:29.700160" elapsed="0.030651"/>
</kw>
<kw name="Quando realizo o login" owner="keywords">
<kw name="Input Text" owner="SeleniumLibrary">
<msg time="2025-04-23T18:06:29.732600" level="INFO">Typing text 'lucas.rocha' into text field '//input[contains(@type,'text')]'.</msg>
<arg>locator=//input[contains(@type,'text')]</arg>
<arg>text=${login}</arg>
<doc>Types the given ``text`` into the text field identified by ``locator``.</doc>
<status status="PASS" start="2025-04-23T18:06:29.732291" elapsed="0.063433"/>
</kw>
<kw name="Input Text" owner="SeleniumLibrary">
<msg time="2025-04-23T18:06:29.796256" level="INFO">Typing text '#Strike0109' into text field '//input[contains(@type,'password')]'.</msg>
<arg>locator=//input[contains(@type,'password')]</arg>
<arg>text=${senha}</arg>
<doc>Types the given ``text`` into the text field identified by ``locator``.</doc>
<status status="PASS" start="2025-04-23T18:06:29.795951" elapsed="0.071897"/>
</kw>
<kw name="Click Button" owner="SeleniumLibrary">
<msg time="2025-04-23T18:06:29.868251" level="INFO">Clicking button '//button[@type='submit'][contains(.,'Entrar')]'.</msg>
<arg>locator=//button[@type='submit'][contains(.,'Entrar')]</arg>
<doc>Clicks the button identified by ``locator``.</doc>
<status status="PASS" start="2025-04-23T18:06:29.868048" elapsed="0.139408"/>
</kw>
<arg>${LOGIN.QW50}</arg>
<arg>${SENHA.QW50}</arg>
<status status="PASS" start="2025-04-23T18:06:29.731045" elapsed="0.276688"/>
</kw>
<kw name="Wait Until Element Is Visible" owner="SeleniumLibrary">
<arg>locator=//a[contains(.,'Projetos')]</arg>
<doc>Waits until the element ``locator`` is visible.</doc>
<status status="PASS" start="2025-04-23T18:06:30.008088" elapsed="0.731889"/>
</kw>
<kw name="Click Element" owner="SeleniumLibrary">
<msg time="2025-04-23T18:06:30.740683" level="INFO">Clicking element '//a[contains(.,'Projetos')]'.</msg>
<arg>locator=//a[contains(.,'Projetos')]</arg>
<doc>Click the element identified by ``locator``.</doc>
<status status="PASS" start="2025-04-23T18:06:30.740230" elapsed="0.104770"/>
</kw>
<kw name="Wait Until Element Is Enabled" owner="SeleniumLibrary">
<arg>locator=//input[contains(@type,'text')]</arg>
<doc>Waits until the element ``locator`` is enabled.</doc>
<status status="PASS" start="2025-04-23T18:06:30.845308" elapsed="0.024870"/>
</kw>
<kw name="Input Text" owner="SeleniumLibrary">
<msg time="2025-04-23T18:06:30.870643" level="INFO">Typing text 'QATestes' into text field '//input[contains(@type,'text')]'.</msg>
<arg>locator=//input[contains(@type,'text')]</arg>
<arg>text=QATestes</arg>
<doc>Types the given ``text`` into the text field identified by ``locator``.</doc>
<status status="PASS" start="2025-04-23T18:06:30.870387" elapsed="0.105499"/>
</kw>
<kw name="Wait Until Element Is Enabled" owner="SeleniumLibrary">
<arg>locator=//span[@class='text-ellipsis'][contains(.,'QATestes QaTestesFuncionais')]</arg>
<doc>Waits until the element ``locator`` is enabled.</doc>
<status status="PASS" start="2025-04-23T18:06:30.976092" elapsed="0.024296"/>
</kw>
<kw name="Click Element" owner="SeleniumLibrary">
<msg time="2025-04-23T18:06:31.000781" level="INFO">Clicking element '//span[@class='text-ellipsis'][contains(.,'QATestes QaTestesFuncionais')]'.</msg>
<arg>locator=//span[@class='text-ellipsis'][contains(.,'QATestes QaTestesFuncionais')]</arg>
<doc>Click the element identified by ``locator``.</doc>
<status status="PASS" start="2025-04-23T18:06:31.000587" elapsed="0.387305"/>
</kw>
<status status="PASS" start="2025-04-23T18:06:29.699790" elapsed="1.688247"/>
</kw>
<kw name="Quando clico na aba Calendarios em Projetos" owner="keywords">
<kw name="Wait Until Element Is Enabled" owner="SeleniumLibrary">
<arg>locator=//i[contains(@class,'vsm--icon fas fa-calendar-alt fa-lg')]</arg>
<doc>Waits until the element ``locator`` is enabled.</doc>
<status status="PASS" start="2025-04-23T18:06:31.388641" elapsed="0.027965"/>
</kw>
<kw name="Click Element" owner="SeleniumLibrary">
<msg time="2025-04-23T18:06:31.417037" level="INFO">Clicking element '//i[contains(@class,'vsm--icon fas fa-calendar-alt fa-lg')]'.</msg>
<arg>locator=//i[contains(@class,'vsm--icon fas fa-calendar-alt fa-lg')]</arg>
<doc>Click the element identified by ``locator``.</doc>
<status status="PASS" start="2025-04-23T18:06:31.416828" elapsed="0.450446"/>
</kw>
<status status="PASS" start="2025-04-23T18:06:31.388280" elapsed="0.479159"/>
</kw>
<kw name="Então devo visualiza a pagina dos Calendarios" owner="keywords">
<kw name="Wait Until Element Is Visible" owner="SeleniumLibrary">
<arg>locator=//a[@class='link-quiet'][contains(.,'Calendários')]</arg>
<doc>Waits until the element ``locator`` is visible.</doc>
<status status="PASS" start="2025-04-23T18:06:31.868030" elapsed="0.033142"/>
</kw>
<status status="PASS" start="2025-04-23T18:06:31.867736" elapsed="0.033566"/>
</kw>
<kw name="Fechar Navegador" owner="keywords" type="TEARDOWN">
<kw name="Capture Page Screenshot" owner="SeleniumLibrary">
<msg time="2025-04-23T18:06:32.026352" level="INFO" html="true">&lt;/td&gt;&lt;/tr&gt;&lt;tr&gt;&lt;td colspan="3"&gt;&lt;a href="selenium-screenshot-17.png"&gt;&lt;img src="selenium-screenshot-17.png" width="800px"&gt;&lt;/a&gt;</msg>
<doc>Takes a screenshot of the current page and embeds it into a log file.</doc>
<status status="PASS" start="2025-04-23T18:06:31.901921" elapsed="0.124627"/>
</kw>
<kw name="Close Browser" owner="SeleniumLibrary">
<doc>Closes the current browser.</doc>
<status status="PASS" start="2025-04-23T18:06:32.026750" elapsed="0.060981"/>
</kw>
<status status="PASS" start="2025-04-23T18:06:31.901632" elapsed="0.186351"/>
</kw>
<status status="PASS" start="2025-04-23T18:06:29.128585" elapsed="2.959608"/>
</test>
<test id="s1-s5-t2" name="Caso de Teste 02 - Vizualizar calendário por Projetos" line="14">
<kw name="Abrir Navegador" owner="keywords" type="SETUP">
<kw name="Open Browser" owner="SeleniumLibrary">
<msg time="2025-04-23T18:06:32.091394" level="INFO">Opening browser 'headlesschrome' to base url 'http://10.1.1.51:4441/'.</msg>
<arg>${url}</arg>
<arg>headlesschrome</arg>
<doc>Opens a new browser instance to the optional ``url``.</doc>
<status status="PASS" start="2025-04-23T18:06:32.090987" elapsed="0.521281"/>
</kw>
<kw name="Maximize Browser Window" owner="SeleniumLibrary">
<doc>Maximizes current browser window.</doc>
<status status="PASS" start="2025-04-23T18:06:32.612614" elapsed="0.017300"/>
</kw>
<arg>${URL.QW50}</arg>
<status status="PASS" start="2025-04-23T18:06:32.089626" elapsed="0.540440"/>
</kw>
<kw name="Dado que estou logado na aplicação" owner="keywords">
<kw name="Dado que estou na aplicação" owner="keywords">
<kw name="Run Keyword And Return Status" owner="BuiltIn">
<kw name="Element Should Be Visible" owner="SeleniumLibrary">
<msg time="2025-04-23T18:06:32.658120" level="INFO">Element 'xpath=//p[contains(.,'Faça login e comece a usar!')]' is displayed.</msg>
<arg>xpath=//p[contains(.,'Faça login e comece a usar!')]</arg>
<doc>Verifies that the element identified by ``locator`` is visible.</doc>
<status status="PASS" start="2025-04-23T18:06:32.631256" elapsed="0.026980"/>
</kw>
<msg time="2025-04-23T18:06:32.658389" level="INFO">${elemento_visivel} = True</msg>
<var>${elemento_visivel}</var>
<arg>Element Should Be Visible</arg>
<arg>xpath=//p[contains(.,'Faça login e comece a usar!')]</arg>
<doc>Runs the given keyword with given arguments and returns the status as a Boolean value.</doc>
<status status="PASS" start="2025-04-23T18:06:32.631074" elapsed="0.027358"/>
</kw>
<if>
<branch type="IF" condition="'${elemento_visivel}' == 'False'">
<kw name="Click Element" owner="SeleniumLibrary">
<arg>xpath=//a[@class='dropdown-toggle'][contains(.,'English')]</arg>
<doc>Click the element identified by ``locator``.</doc>
<status status="NOT RUN" start="2025-04-23T18:06:32.658923" elapsed="0.000059"/>
</kw>
<kw name="Click Element" owner="SeleniumLibrary">
<arg>xpath=//a[contains(.,'Português')]</arg>
<doc>Click the element identified by ``locator``.</doc>
<status status="NOT RUN" start="2025-04-23T18:06:32.659154" elapsed="0.000044"/>
</kw>
<kw name="Element Should Be Visible" owner="SeleniumLibrary">
<arg>xpath=//p[contains(.,'Faça login e comece a usar!')]</arg>
<doc>Verifies that the element identified by ``locator`` is visible.</doc>
<status status="NOT RUN" start="2025-04-23T18:06:32.659336" elapsed="0.000042"/>
</kw>
<status status="NOT RUN" start="2025-04-23T18:06:32.658576" elapsed="0.000886"/>
</branch>
<status status="PASS" start="2025-04-23T18:06:32.658543" elapsed="0.001004"/>
</if>
<status status="PASS" start="2025-04-23T18:06:32.630826" elapsed="0.028827"/>
</kw>
<kw name="Quando realizo o login" owner="keywords">
<kw name="Input Text" owner="SeleniumLibrary">
<msg time="2025-04-23T18:06:32.661216" level="INFO">Typing text 'lucas.rocha' into text field '//input[contains(@type,'text')]'.</msg>
<arg>locator=//input[contains(@type,'text')]</arg>
<arg>text=${login}</arg>
<doc>Types the given ``text`` into the text field identified by ``locator``.</doc>
<status status="PASS" start="2025-04-23T18:06:32.660935" elapsed="0.080950"/>
</kw>
<kw name="Input Text" owner="SeleniumLibrary">
<msg time="2025-04-23T18:06:32.742419" level="INFO">Typing text '#Strike0109' into text field '//input[contains(@type,'password')]'.</msg>
<arg>locator=//input[contains(@type,'password')]</arg>
<arg>text=${senha}</arg>
<doc>Types the given ``text`` into the text field identified by ``locator``.</doc>
<status status="PASS" start="2025-04-23T18:06:32.742074" elapsed="0.061652"/>
</kw>
<kw name="Click Button" owner="SeleniumLibrary">
<msg time="2025-04-23T18:06:32.804038" level="INFO">Clicking button '//button[@type='submit'][contains(.,'Entrar')]'.</msg>
<arg>locator=//button[@type='submit'][contains(.,'Entrar')]</arg>
<doc>Clicks the button identified by ``locator``.</doc>
<status status="PASS" start="2025-04-23T18:06:32.803887" elapsed="0.121448"/>
</kw>
<arg>${LOGIN.QW50}</arg>
<arg>${SENHA.QW50}</arg>
<status status="PASS" start="2025-04-23T18:06:32.659884" elapsed="0.265617"/>
</kw>
<kw name="Wait Until Element Is Visible" owner="SeleniumLibrary">
<arg>locator=//a[contains(.,'Projetos')]</arg>
<doc>Waits until the element ``locator`` is visible.</doc>
<status status="PASS" start="2025-04-23T18:06:32.925677" elapsed="0.712650"/>
</kw>
<kw name="Click Element" owner="SeleniumLibrary">
<msg time="2025-04-23T18:06:33.638612" level="INFO">Clicking element '//a[contains(.,'Projetos')]'.</msg>
<arg>locator=//a[contains(.,'Projetos')]</arg>
<doc>Click the element identified by ``locator``.</doc>
<status status="PASS" start="2025-04-23T18:06:33.638469" elapsed="0.075325"/>
</kw>
<kw name="Wait Until Element Is Enabled" owner="SeleniumLibrary">
<arg>locator=//input[contains(@type,'text')]</arg>
<doc>Waits until the element ``locator`` is enabled.</doc>
<status status="PASS" start="2025-04-23T18:06:33.713930" elapsed="0.023756"/>
</kw>
<kw name="Input Text" owner="SeleniumLibrary">
<msg time="2025-04-23T18:06:33.737971" level="INFO">Typing text 'QATestes' into text field '//input[contains(@type,'text')]'.</msg>
<arg>locator=//input[contains(@type,'text')]</arg>
<arg>text=QATestes</arg>
<doc>Types the given ``text`` into the text field identified by ``locator``.</doc>
<status status="PASS" start="2025-04-23T18:06:33.737822" elapsed="0.102063"/>
</kw>
<kw name="Wait Until Element Is Enabled" owner="SeleniumLibrary">
<arg>locator=//span[@class='text-ellipsis'][contains(.,'QATestes QaTestesFuncionais')]</arg>
<doc>Waits until the element ``locator`` is enabled.</doc>
<status status="PASS" start="2025-04-23T18:06:33.840077" elapsed="0.019537"/>
</kw>
<kw name="Click Element" owner="SeleniumLibrary">
<msg time="2025-04-23T18:06:33.859902" level="INFO">Clicking element '//span[@class='text-ellipsis'][contains(.,'QATestes QaTestesFuncionais')]'.</msg>
<arg>locator=//span[@class='text-ellipsis'][contains(.,'QATestes QaTestesFuncionais')]</arg>
<doc>Click the element identified by ``locator``.</doc>
<status status="PASS" start="2025-04-23T18:06:33.859764" elapsed="0.347837"/>
</kw>
<status status="PASS" start="2025-04-23T18:06:32.630395" elapsed="1.577315"/>
</kw>
<kw name="Quando clico na aba Calendarios em Projetos" owner="keywords">
<kw name="Wait Until Element Is Enabled" owner="SeleniumLibrary">
<arg>locator=//i[contains(@class,'vsm--icon fas fa-calendar-alt fa-lg')]</arg>
<doc>Waits until the element ``locator`` is enabled.</doc>
<status status="PASS" start="2025-04-23T18:06:34.208162" elapsed="0.029938"/>
</kw>
<kw name="Click Element" owner="SeleniumLibrary">
<msg time="2025-04-23T18:06:34.238532" level="INFO">Clicking element '//i[contains(@class,'vsm--icon fas fa-calendar-alt fa-lg')]'.</msg>
<arg>locator=//i[contains(@class,'vsm--icon fas fa-calendar-alt fa-lg')]</arg>
<doc>Click the element identified by ``locator``.</doc>
<status status="PASS" start="2025-04-23T18:06:34.238299" elapsed="0.423997"/>
</kw>
<status status="PASS" start="2025-04-23T18:06:34.207914" elapsed="0.454560"/>
</kw>
<kw name="E clico em &quot;Ações&quot; e &quot;Vizualizar Calendario&quot;" owner="keywords">
<kw name="Element Should Be Enabled" owner="SeleniumLibrary">
<arg>locator=(//i[contains(@class,'fas fa-list')])[2]</arg>
<doc>Verifies that element identified by ``locator`` is enabled.</doc>
<status status="PASS" start="2025-04-23T18:06:34.663138" elapsed="0.033922"/>
</kw>
<kw name="Click Element" owner="SeleniumLibrary">
<msg time="2025-04-23T18:06:34.697388" level="INFO">Clicking element '(//i[contains(@class,'fas fa-list')])[2]'.</msg>
<arg>locator=(//i[contains(@class,'fas fa-list')])[2]</arg>
<doc>Click the element identified by ``locator``.</doc>
<status status="PASS" start="2025-04-23T18:06:34.697219" elapsed="0.053098"/>
</kw>
<kw name="Wait Until Element Is Visible" owner="SeleniumLibrary">
<arg>locator=(//a[@role='button'][contains(.,'Visualizar Calendário')])[1]</arg>
<doc>Waits until the element ``locator`` is visible.</doc>
<status status="PASS" start="2025-04-23T18:06:34.750530" elapsed="0.022112"/>
</kw>
<kw name="Click Element" owner="SeleniumLibrary">
<msg time="2025-04-23T18:06:34.772935" level="INFO">Clicking element '(//a[@role='button'][contains(.,'Visualizar Calendário')])[1]'.</msg>
<arg>locator=(//a[@role='button'][contains(.,'Visualizar Calendário')])[1]</arg>
<doc>Click the element identified by ``locator``.</doc>
<status status="PASS" start="2025-04-23T18:06:34.772783" elapsed="0.162533"/>
</kw>
<status status="PASS" start="2025-04-23T18:06:34.662792" elapsed="0.272670"/>
</kw>
<kw name="Fechar Navegador" owner="keywords" type="TEARDOWN">
<kw name="Capture Page Screenshot" owner="SeleniumLibrary">
<msg time="2025-04-23T18:06:35.069123" level="INFO" html="true">&lt;/td&gt;&lt;/tr&gt;&lt;tr&gt;&lt;td colspan="3"&gt;&lt;a href="selenium-screenshot-18.png"&gt;&lt;img src="selenium-screenshot-18.png" width="800px"&gt;&lt;/a&gt;</msg>
<doc>Takes a screenshot of the current page and embeds it into a log file.</doc>
<status status="PASS" start="2025-04-23T18:06:34.936073" elapsed="0.133173"/>
</kw>
<kw name="Close Browser" owner="SeleniumLibrary">
<doc>Closes the current browser.</doc>
<status status="PASS" start="2025-04-23T18:06:35.069446" elapsed="0.060379"/>
</kw>
<status status="PASS" start="2025-04-23T18:06:34.935781" elapsed="0.194303"/>
</kw>
<status status="PASS" start="2025-04-23T18:06:32.088776" elapsed="3.041534"/>
</test>
<status status="PASS" start="2025-04-23T18:06:29.122726" elapsed="6.008380"/>
</suite>
<status status="PASS" start="2025-04-23T18:05:35.724185" elapsed="59.408161"/>
</suite>
<statistics>
<total>
<stat pass="18" fail="0" skip="0">All Tests</stat>
</total>
<tag>
</tag>
<suite>
<stat name="Tests" id="s1" pass="18" fail="0" skip="0">Tests</stat>
<stat name="001 Login" id="s1-s1" pass="7" fail="0" skip="0">Tests.001 Login</stat>
<stat name="002 Dashboard" id="s1-s2" pass="1" fail="0" skip="0">Tests.002 Dashboard</stat>
<stat name="003 Jobs" id="s1-s3" pass="5" fail="0" skip="0">Tests.003 Jobs</stat>
<stat name="004 Nós" id="s1-s4" pass="3" fail="0" skip="0">Tests.004 Nós</stat>
<stat name="005 Calendários" id="s1-s5" pass="2" fail="0" skip="0">Tests.005 Calendários</stat>
</suite>
</statistics>
<errors>
</errors>
</robot>
